{"C:\\Users\\H.C Lima\\Documents\\GitHub\\TGL-API\\japaFile.ts":{"path":"C:\\Users\\H.C Lima\\Documents\\GitHub\\TGL-API\\japaFile.ts","statementMap":{"0":{"start":{"line":2,"column":22},"end":{"line":8,"column":3}},"1":{"start":{"line":3,"column":4},"end":{"line":3,"column":33}},"2":{"start":{"line":3,"column":26},"end":{"line":3,"column":33}},"3":{"start":{"line":4,"column":4},"end":{"line":4,"column":89}},"4":{"start":{"line":4,"column":71},"end":{"line":4,"column":83}},"5":{"start":{"line":6,"column":4},"end":{"line":6,"column":33}},"6":{"start":{"line":6,"column":26},"end":{"line":6,"column":33}},"7":{"start":{"line":7,"column":4},"end":{"line":7,"column":17}},"8":{"start":{"line":9,"column":25},"end":{"line":13,"column":2}},"9":{"start":{"line":10,"column":4},"end":{"line":10,"column":72}},"10":{"start":{"line":12,"column":4},"end":{"line":12,"column":21}},"11":{"start":{"line":14,"column":19},"end":{"line":20,"column":1}},"12":{"start":{"line":15,"column":4},"end":{"line":15,"column":42}},"13":{"start":{"line":15,"column":31},"end":{"line":15,"column":42}},"14":{"start":{"line":16,"column":17},"end":{"line":16,"column":19}},"15":{"start":{"line":17,"column":4},"end":{"line":17,"column":141}},"16":{"start":{"line":17,"column":21},"end":{"line":17,"column":141}},"17":{"start":{"line":17,"column":40},"end":{"line":17,"column":141}},"18":{"start":{"line":17,"column":109},"end":{"line":17,"column":141}},"19":{"start":{"line":18,"column":4},"end":{"line":18,"column":36}},"20":{"start":{"line":19,"column":4},"end":{"line":19,"column":18}},"21":{"start":{"line":21,"column":22},"end":{"line":23,"column":1}},"22":{"start":{"line":22,"column":4},"end":{"line":22,"column":62}},"23":{"start":{"line":24,"column":0},"end":{"line":24,"column":62}},"24":{"start":{"line":25,"column":0},"end":{"line":25,"column":28}},"25":{"start":{"line":26,"column":15},"end":{"line":26,"column":30}},"26":{"start":{"line":27,"column":16},"end":{"line":27,"column":49}},"27":{"start":{"line":28,"column":19},"end":{"line":28,"column":55}},"28":{"start":{"line":29,"column":15},"end":{"line":29,"column":30}},"29":{"start":{"line":30,"column":29},"end":{"line":30,"column":75}},"30":{"start":{"line":31,"column":0},"end":{"line":31,"column":33}},"31":{"start":{"line":32,"column":0},"end":{"line":32,"column":52}},"32":{"start":{"line":33,"column":0},"end":{"line":33,"column":74}},"33":{"start":{"line":35,"column":4},"end":{"line":37,"column":7}},"34":{"start":{"line":40,"column":4},"end":{"line":42,"column":7}},"35":{"start":{"line":45,"column":24},"end":{"line":45,"column":117}},"36":{"start":{"line":45,"column":59},"end":{"line":45,"column":116}},"37":{"start":{"line":46,"column":4},"end":{"line":46,"column":58}},"38":{"start":{"line":47,"column":4},"end":{"line":47,"column":54}},"39":{"start":{"line":49,"column":0},"end":{"line":54,"column":3}}},"fnMap":{"0":{"name":"(anonymous_0)","decl":{"start":{"line":2,"column":74},"end":{"line":2,"column":75}},"loc":{"start":{"line":2,"column":96},"end":{"line":5,"column":1}},"line":2},"1":{"name":"(anonymous_1)","decl":{"start":{"line":4,"column":58},"end":{"line":4,"column":59}},"loc":{"start":{"line":4,"column":69},"end":{"line":4,"column":85}},"line":4},"2":{"name":"(anonymous_2)","decl":{"start":{"line":5,"column":6},"end":{"line":5,"column":7}},"loc":{"start":{"line":5,"column":28},"end":{"line":8,"column":1}},"line":5},"3":{"name":"(anonymous_3)","decl":{"start":{"line":9,"column":80},"end":{"line":9,"column":81}},"loc":{"start":{"line":9,"column":95},"end":{"line":11,"column":1}},"line":9},"4":{"name":"(anonymous_4)","decl":{"start":{"line":11,"column":5},"end":{"line":11,"column":6}},"loc":{"start":{"line":11,"column":20},"end":{"line":13,"column":1}},"line":11},"5":{"name":"(anonymous_5)","decl":{"start":{"line":14,"column":50},"end":{"line":14,"column":51}},"loc":{"start":{"line":14,"column":65},"end":{"line":20,"column":1}},"line":14},"6":{"name":"(anonymous_6)","decl":{"start":{"line":21,"column":56},"end":{"line":21,"column":57}},"loc":{"start":{"line":21,"column":71},"end":{"line":23,"column":1}},"line":21},"7":{"name":"runMigrations","decl":{"start":{"line":34,"column":15},"end":{"line":34,"column":28}},"loc":{"start":{"line":34,"column":31},"end":{"line":38,"column":1}},"line":34},"8":{"name":"rollbackMigrations","decl":{"start":{"line":39,"column":15},"end":{"line":39,"column":33}},"loc":{"start":{"line":39,"column":36},"end":{"line":43,"column":1}},"line":39},"9":{"name":"startHttpServer","decl":{"start":{"line":44,"column":15},"end":{"line":44,"column":30}},"loc":{"start":{"line":44,"column":33},"end":{"line":48,"column":1}},"line":44},"10":{"name":"(anonymous_10)","decl":{"start":{"line":45,"column":53},"end":{"line":45,"column":54}},"loc":{"start":{"line":45,"column":59},"end":{"line":45,"column":116}},"line":45}},"branchMap":{"0":{"loc":{"start":{"line":2,"column":22},"end":{"line":8,"column":3}},"type":"binary-expr","locations":[{"start":{"line":2,"column":23},"end":{"line":2,"column":27}},{"start":{"line":2,"column":31},"end":{"line":2,"column":51}},{"start":{"line":2,"column":57},"end":{"line":8,"column":2}}],"line":2},"1":{"loc":{"start":{"line":2,"column":57},"end":{"line":8,"column":2}},"type":"cond-expr","locations":[{"start":{"line":2,"column":74},"end":{"line":5,"column":1}},{"start":{"line":5,"column":6},"end":{"line":8,"column":1}}],"line":2},"2":{"loc":{"start":{"line":3,"column":4},"end":{"line":3,"column":33}},"type":"if","locations":[{"start":{"line":3,"column":4},"end":{"line":3,"column":33}},{"start":{"line":3,"column":4},"end":{"line":3,"column":33}}],"line":3},"3":{"loc":{"start":{"line":6,"column":4},"end":{"line":6,"column":33}},"type":"if","locations":[{"start":{"line":6,"column":4},"end":{"line":6,"column":33}},{"start":{"line":6,"column":4},"end":{"line":6,"column":33}}],"line":6},"4":{"loc":{"start":{"line":9,"column":25},"end":{"line":13,"column":2}},"type":"binary-expr","locations":[{"start":{"line":9,"column":26},"end":{"line":9,"column":30}},{"start":{"line":9,"column":34},"end":{"line":9,"column":57}},{"start":{"line":9,"column":63},"end":{"line":13,"column":1}}],"line":9},"5":{"loc":{"start":{"line":9,"column":63},"end":{"line":13,"column":1}},"type":"cond-expr","locations":[{"start":{"line":9,"column":80},"end":{"line":11,"column":1}},{"start":{"line":11,"column":5},"end":{"line":13,"column":1}}],"line":9},"6":{"loc":{"start":{"line":14,"column":19},"end":{"line":20,"column":1}},"type":"binary-expr","locations":[{"start":{"line":14,"column":20},"end":{"line":14,"column":24}},{"start":{"line":14,"column":28},"end":{"line":14,"column":45}},{"start":{"line":14,"column":50},"end":{"line":20,"column":1}}],"line":14},"7":{"loc":{"start":{"line":15,"column":4},"end":{"line":15,"column":42}},"type":"if","locations":[{"start":{"line":15,"column":4},"end":{"line":15,"column":42}},{"start":{"line":15,"column":4},"end":{"line":15,"column":42}}],"line":15},"8":{"loc":{"start":{"line":15,"column":8},"end":{"line":15,"column":29}},"type":"binary-expr","locations":[{"start":{"line":15,"column":8},"end":{"line":15,"column":11}},{"start":{"line":15,"column":15},"end":{"line":15,"column":29}}],"line":15},"9":{"loc":{"start":{"line":17,"column":4},"end":{"line":17,"column":141}},"type":"if","locations":[{"start":{"line":17,"column":4},"end":{"line":17,"column":141}},{"start":{"line":17,"column":4},"end":{"line":17,"column":141}}],"line":17},"10":{"loc":{"start":{"line":17,"column":40},"end":{"line":17,"column":141}},"type":"if","locations":[{"start":{"line":17,"column":40},"end":{"line":17,"column":141}},{"start":{"line":17,"column":40},"end":{"line":17,"column":141}}],"line":17},"11":{"loc":{"start":{"line":17,"column":44},"end":{"line":17,"column":107}},"type":"binary-expr","locations":[{"start":{"line":17,"column":44},"end":{"line":17,"column":59}},{"start":{"line":17,"column":63},"end":{"line":17,"column":107}}],"line":17},"12":{"loc":{"start":{"line":21,"column":22},"end":{"line":23,"column":1}},"type":"binary-expr","locations":[{"start":{"line":21,"column":23},"end":{"line":21,"column":27}},{"start":{"line":21,"column":31},"end":{"line":21,"column":51}},{"start":{"line":21,"column":56},"end":{"line":23,"column":1}}],"line":21},"13":{"loc":{"start":{"line":22,"column":11},"end":{"line":22,"column":61}},"type":"cond-expr","locations":[{"start":{"line":22,"column":37},"end":{"line":22,"column":40}},{"start":{"line":22,"column":43},"end":{"line":22,"column":61}}],"line":22},"14":{"loc":{"start":{"line":22,"column":12},"end":{"line":22,"column":33}},"type":"binary-expr","locations":[{"start":{"line":22,"column":12},"end":{"line":22,"column":15}},{"start":{"line":22,"column":19},"end":{"line":22,"column":33}}],"line":22}},"s":{"0":1,"1":0,"2":0,"3":0,"4":0,"5":0,"6":0,"7":0,"8":1,"9":0,"10":0,"11":1,"12":1,"13":1,"14":0,"15":0,"16":0,"17":0,"18":0,"19":0,"20":0,"21":1,"22":3,"23":1,"24":1,"25":1,"26":1,"27":1,"28":1,"29":1,"30":1,"31":1,"32":1,"33":1,"34":1,"35":1,"36":1,"37":1,"38":1,"39":1},"f":{"0":0,"1":0,"2":0,"3":0,"4":0,"5":1,"6":3,"7":1,"8":1,"9":1,"10":1},"b":{"0":[1,1,1],"1":[1,0],"2":[0,0],"3":[0,0],"4":[1,1,1],"5":[1,0],"6":[1,1,1],"7":[1,0],"8":[1,1],"9":[0,0],"10":[0,0],"11":[0,0],"12":[1,1,1],"13":[0,3],"14":[3,3]},"inputSourceMap":{"version":3,"file":"japaFile.js","sourceRoot":"","sources":["japaFile.ts"],"names":[],"mappings":";;;;;;;;;;;;;;;;;;;;;;;;AAAA,4BAAyB;AACzB,+BAA2B;AAC3B,kDAAyB;AACzB,wDAA8B;AAC9B,+BAAgC;AAChC,4EAAiD;AAEjD,OAAO,CAAC,GAAG,CAAC,QAAQ,GAAG,SAAS,CAAA;AAChC,OAAO,CAAC,GAAG,CAAC,cAAc,GAAG,WAAI,CAAC,SAAS,CAAC,CAAA;AAC5C,4BAAgB,CAAC,OAAO,CAAC,EAAE,wBAAwB,EAAE,KAAK,EAAE,CAAC,CAAA;AAE7D,KAAK,UAAU,aAAa;IAC1B,MAAM,eAAK,CAAC,IAAI,CAAC,KAAK,EAAE,CAAC,eAAe,CAAC,EAAE;QACzC,KAAK,EAAE,SAAS;KACjB,CAAC,CAAA;AACJ,CAAC;AAED,KAAK,UAAU,kBAAkB;IAC/B,MAAM,eAAK,CAAC,IAAI,CAAC,KAAK,EAAE,CAAC,oBAAoB,CAAC,EAAE;QAC9C,KAAK,EAAE,SAAS;KACjB,CAAC,CAAA;AACJ,CAAC;AAED,KAAK,UAAU,eAAe;IAC5B,MAAM,EAAE,OAAO,EAAE,GAAG,wDAAa,kCAAkC,GAAC,CAAA;IACpE,OAAO,CAAC,GAAG,CAAC,IAAI,GAAG,MAAM,CAAC,MAAM,kBAAO,EAAE,CAAC,CAAA;IAC1C,MAAM,IAAI,OAAO,CAAC,SAAS,CAAC,CAAC,UAAU,EAAE,CAAC,KAAK,EAAE,CAAA;AACnD,CAAC;AAKD,gBAAS,CAAC;IACR,KAAK,EAAE,CAAC,wBAAwB,CAAC;IACjC,MAAM,EAAE,CAAC,aAAa,EAAE,eAAe,CAAC;IACxC,KAAK,EAAE,CAAC,kBAAkB,CAAC;IAC3B,OAAO,EAAE,MAAM;CAChB,CAAC,CAAA","sourcesContent":["import 'reflect-metadata'\nimport { join } from 'path'\nimport execa from 'execa'\nimport getPort from 'get-port'\nimport { configure } from 'japa'\nimport sourceMapSupport from 'source-map-support'\n\nprocess.env.NODE_ENV = 'testing'\nprocess.env.ADONIS_ACE_CWD = join(__dirname)\nsourceMapSupport.install({ handleUncaughtExceptions: false })\n\nasync function runMigrations() {\n  await execa.node('ace', ['migration:run'], {\n    stdio: 'inherit',\n  })\n}\n\nasync function rollbackMigrations() {\n  await execa.node('ace', ['migration:rollback'], {\n    stdio: 'inherit',\n  })\n}\n\nasync function startHttpServer() {\n  const { Ignitor } = await import('@adonisjs/core/build/src/Ignitor')\n  process.env.PORT = String(await getPort())\n  await new Ignitor(__dirname).httpServer().start()\n}\n\n/**\n * Configure test runner\n */\nconfigure({\n  files: ['__tests__/**/*.spec.ts'],\n  before: [runMigrations, startHttpServer],\n  after: [rollbackMigrations],\n  timeout: 100000,\n})\n"]},"_coverageSchema":"1a1c01bbd47fc00a2c39e90264f33305004495a9","hash":"26c532cb461d1b5838c942c3dd4d04516a0a76fa","contentHash":"a6fa718f5fe43820095bc604ffdceaa0377914f8ceceac9d85533ee26c46cd3e"},"C:\\Users\\H.C Lima\\Documents\\GitHub\\TGL-API\\env.ts":{"path":"C:\\Users\\H.C Lima\\Documents\\GitHub\\TGL-API\\env.ts","statementMap":{"0":{"start":{"line":2,"column":22},"end":{"line":4,"column":1}},"1":{"start":{"line":3,"column":4},"end":{"line":3,"column":62}},"2":{"start":{"line":5,"column":0},"end":{"line":5,"column":62}},"3":{"start":{"line":6,"column":14},"end":{"line":6,"column":79}},"4":{"start":{"line":7,"column":0},"end":{"line":13,"column":3}}},"fnMap":{"0":{"name":"(anonymous_0)","decl":{"start":{"line":2,"column":56},"end":{"line":2,"column":57}},"loc":{"start":{"line":2,"column":71},"end":{"line":4,"column":1}},"line":2}},"branchMap":{"0":{"loc":{"start":{"line":2,"column":22},"end":{"line":4,"column":1}},"type":"binary-expr","locations":[{"start":{"line":2,"column":23},"end":{"line":2,"column":27}},{"start":{"line":2,"column":31},"end":{"line":2,"column":51}},{"start":{"line":2,"column":56},"end":{"line":4,"column":1}}],"line":2},"1":{"loc":{"start":{"line":3,"column":11},"end":{"line":3,"column":61}},"type":"cond-expr","locations":[{"start":{"line":3,"column":37},"end":{"line":3,"column":40}},{"start":{"line":3,"column":43},"end":{"line":3,"column":61}}],"line":3},"2":{"loc":{"start":{"line":3,"column":12},"end":{"line":3,"column":33}},"type":"binary-expr","locations":[{"start":{"line":3,"column":12},"end":{"line":3,"column":15}},{"start":{"line":3,"column":19},"end":{"line":3,"column":33}}],"line":3}},"s":{"0":1,"1":1,"2":1,"3":1,"4":1},"f":{"0":1},"b":{"0":[1,1,1],"1":[0,1],"2":[1,1]},"inputSourceMap":{"version":3,"file":"env.js","sourceRoot":"","sources":["env.ts"],"names":[],"mappings":";;;;;AAcA,gFAAsC;AAEtC,kBAAe,aAAG,CAAC,KAAK,CAAC;IACvB,IAAI,EAAE,aAAG,CAAC,MAAM,CAAC,MAAM,CAAC,EAAE,MAAM,EAAE,MAAM,EAAE,CAAC;IAC3C,IAAI,EAAE,aAAG,CAAC,MAAM,CAAC,MAAM,EAAE;IACzB,OAAO,EAAE,aAAG,CAAC,MAAM,CAAC,MAAM,EAAE;IAC5B,QAAQ,EAAE,aAAG,CAAC,MAAM,CAAC,MAAM,EAAE;IAC7B,QAAQ,EAAE,aAAG,CAAC,MAAM,CAAC,IAAI,CAAC,CAAC,aAAa,EAAE,YAAY,EAAE,SAAS,CAAU,CAAC;CAC7E,CAAC,CAAA","sourcesContent":["/*\n|--------------------------------------------------------------------------\n| Validating Environment Variables\n|--------------------------------------------------------------------------\n|\n| In this file we define the rules for validating environment variables.\n| By performing validation we ensure that your application is running in\n| a stable environment with correct configuration values.\n|\n| This file is read automatically by the framework during the boot lifecycle\n| and hence do not rename or move this file to a different location.\n|\n*/\n\nimport Env from '@ioc:Adonis/Core/Env'\n\nexport default Env.rules({\n  HOST: Env.schema.string({ format: 'host' }),\n  PORT: Env.schema.number(),\n  APP_KEY: Env.schema.string(),\n  APP_NAME: Env.schema.string(),\n  NODE_ENV: Env.schema.enum(['development', 'production', 'testing'] as const),\n})\n"]},"_coverageSchema":"1a1c01bbd47fc00a2c39e90264f33305004495a9","hash":"7995c6bb1a1e5052f1c9ce85955595de73603cb7","contentHash":"94112c613c8914d888b8727178fb0e7706d85420484472eaed58f4153511d42e"},"C:\\Users\\H.C Lima\\Documents\\GitHub\\TGL-API\\config\\app.ts":{"path":"C:\\Users\\H.C Lima\\Documents\\GitHub\\TGL-API\\config\\app.ts","statementMap":{"0":{"start":{"line":2,"column":22},"end":{"line":4,"column":1}},"1":{"start":{"line":3,"column":4},"end":{"line":3,"column":62}},"2":{"start":{"line":5,"column":0},"end":{"line":5,"column":62}},"3":{"start":{"line":6,"column":0},"end":{"line":6,"column":95}},"4":{"start":{"line":7,"column":21},"end":{"line":7,"column":59}},"5":{"start":{"line":8,"column":14},"end":{"line":8,"column":79}},"6":{"start":{"line":9,"column":0},"end":{"line":9,"column":46}},"7":{"start":{"line":10,"column":0},"end":{"line":26,"column":2}},"8":{"start":{"line":27,"column":0},"end":{"line":32,"column":2}},"9":{"start":{"line":33,"column":0},"end":{"line":37,"column":2}},"10":{"start":{"line":38,"column":0},"end":{"line":38,"column":23}}},"fnMap":{"0":{"name":"(anonymous_0)","decl":{"start":{"line":2,"column":56},"end":{"line":2,"column":57}},"loc":{"start":{"line":2,"column":71},"end":{"line":4,"column":1}},"line":2}},"branchMap":{"0":{"loc":{"start":{"line":2,"column":22},"end":{"line":4,"column":1}},"type":"binary-expr","locations":[{"start":{"line":2,"column":23},"end":{"line":2,"column":27}},{"start":{"line":2,"column":31},"end":{"line":2,"column":51}},{"start":{"line":2,"column":56},"end":{"line":4,"column":1}}],"line":2},"1":{"loc":{"start":{"line":3,"column":11},"end":{"line":3,"column":61}},"type":"cond-expr","locations":[{"start":{"line":3,"column":37},"end":{"line":3,"column":40}},{"start":{"line":3,"column":43},"end":{"line":3,"column":61}}],"line":3},"2":{"loc":{"start":{"line":3,"column":12},"end":{"line":3,"column":33}},"type":"binary-expr","locations":[{"start":{"line":3,"column":12},"end":{"line":3,"column":15}},{"start":{"line":3,"column":19},"end":{"line":3,"column":33}}],"line":3}},"s":{"0":1,"1":2,"2":1,"3":1,"4":1,"5":1,"6":1,"7":1,"8":1,"9":1,"10":1},"f":{"0":2},"b":{"0":[1,1,1],"1":[0,2],"2":[2,2]},"inputSourceMap":{"version":3,"file":"app.js","sourceRoot":"","sources":["app.ts"],"names":[],"mappings":";;;;;;AAOA,4DAAkC;AAClC,gFAAsC;AAmBzB,QAAA,MAAM,GAAW,aAAG,CAAC,GAAG,CAAC,SAAS,CAAC,CAAA;AAWnC,QAAA,IAAI,GAAiB;IAYhC,mBAAmB,EAAE,KAAK;IAO1B,eAAe,EAAE,CAAC;IAWlB,iBAAiB,EAAE,KAAK;IAWxB,UAAU,EAAE,oBAAS,CAAC,OAAO,CAAC,UAAU,CAAC;IAUzC,IAAI,EAAE,KAAK;IAOX,iBAAiB,EAAE,UAAU;IAO7B,MAAM,EAAE;QACN,MAAM,EAAE,EAAE;QACV,IAAI,EAAE,GAAG;QACT,MAAM,EAAE,IAAI;QACZ,QAAQ,EAAE,IAAI;QACd,MAAM,EAAE,KAAK;QACb,QAAQ,EAAE,KAAK;KAChB;IAkBD,yBAAyB,EAAE,kBAAkB;CAC9C,CAAA;AAOY,QAAA,MAAM,GAAiB;IAalC,IAAI,EAAE,aAAG,CAAC,GAAG,CAAC,UAAU,CAAC;IAUzB,OAAO,EAAE,IAAI;IAYb,KAAK,EAAE,aAAG,CAAC,GAAG,CAAC,WAAW,EAAE,MAAM,CAAC;IAWnC,WAAW,EAAE,aAAG,CAAC,GAAG,CAAC,UAAU,CAAC,KAAK,aAAa;CACnD,CAAA;AAOY,QAAA,QAAQ,GAAmB;IAStC,OAAO,EAAE,IAAI;IAWb,SAAS,EAAE,EAAE;IAWb,SAAS,EAAE,EAAE;CACd,CAAA;AAWY,QAAA,SAAS,GAAoB,EAAE,CAAA","sourcesContent":["/**\n * Config source: https://git.io/JfefZ\n *\n * Feel free to let us know via PR, if you find something broken in this config\n * file.\n */\n\nimport proxyAddr from 'proxy-addr'\nimport Env from '@ioc:Adonis/Core/Env'\nimport { ServerConfig } from '@ioc:Adonis/Core/Server'\nimport { LoggerConfig } from '@ioc:Adonis/Core/Logger'\nimport { ProfilerConfig } from '@ioc:Adonis/Core/Profiler'\nimport { ValidatorConfig } from '@ioc:Adonis/Core/Validator'\n\n/*\n|--------------------------------------------------------------------------\n| Application secret key\n|--------------------------------------------------------------------------\n|\n| The secret to encrypt and sign different values in your application.\n| Make sure to keep the `APP_KEY` as an environment variable and secure.\n|\n| Note: Changing the application key for an existing app will make all\n| the cookies invalid and also the existing encrypted data will not\n| be decrypted.\n|\n*/\nexport const appKey: string = Env.get('APP_KEY')\n\n/*\n|--------------------------------------------------------------------------\n| Http server configuration\n|--------------------------------------------------------------------------\n|\n| The configuration for the HTTP(s) server. Make sure to go through all\n| the config properties to make keep server secure.\n|\n*/\nexport const http: ServerConfig = {\n  /*\n  |--------------------------------------------------------------------------\n  | Allow method spoofing\n  |--------------------------------------------------------------------------\n  |\n  | Method spoofing enables defining custom HTTP methods using a query string\n  | `_method`. This is usually required when you are making traditional\n  | form requests and wants to use HTTP verbs like `PUT`, `DELETE` and\n  | so on.\n  |\n  */\n  allowMethodSpoofing: false,\n\n  /*\n  |--------------------------------------------------------------------------\n  | Subdomain offset\n  |--------------------------------------------------------------------------\n  */\n  subdomainOffset: 2,\n\n  /*\n  |--------------------------------------------------------------------------\n  | Request Ids\n  |--------------------------------------------------------------------------\n  |\n  | Setting this value to `true` will generate a unique request id for each\n  | HTTP request and set it as `x-request-id` header.\n  |\n  */\n  generateRequestId: false,\n\n  /*\n  |--------------------------------------------------------------------------\n  | Trusting proxy servers\n  |--------------------------------------------------------------------------\n  |\n  | Define the proxy servers that AdonisJs must trust for reading `X-Forwarded`\n  | headers.\n  |\n  */\n  trustProxy: proxyAddr.compile('loopback'),\n\n  /*\n  |--------------------------------------------------------------------------\n  | Generating Etag\n  |--------------------------------------------------------------------------\n  |\n  | Whether or not to generate an etag for every response.\n  |\n  */\n  etag: false,\n\n  /*\n  |--------------------------------------------------------------------------\n  | JSONP Callback\n  |--------------------------------------------------------------------------\n  */\n  jsonpCallbackName: 'callback',\n\n  /*\n  |--------------------------------------------------------------------------\n  | Cookie settings\n  |--------------------------------------------------------------------------\n  */\n  cookie: {\n    domain: '',\n    path: '/',\n    maxAge: '2h',\n    httpOnly: true,\n    secure: false,\n    sameSite: false,\n  },\n\n  /*\n  |--------------------------------------------------------------------------\n  | Force Content Negotiation\n  |--------------------------------------------------------------------------\n  |\n  | The internals of the framework relies on the content negotiation to\n  | detect the best possible response type for a given HTTP request.\n  |\n  | However, it is a very common these days that API servers always wants to\n  | make response in JSON regardless of the existence of the `Accept` header.\n  |\n  | By setting `forceContentNegotiationTo = 'application/json'`, you negotiate\n  | with the server in advance to always return JSON without relying on the\n  | client to set the header explicitly.\n  |\n  */\n  forceContentNegotiationTo: 'application/json',\n}\n\n/*\n|--------------------------------------------------------------------------\n| Logger\n|--------------------------------------------------------------------------\n*/\nexport const logger: LoggerConfig = {\n  /*\n  |--------------------------------------------------------------------------\n  | Application name\n  |--------------------------------------------------------------------------\n  |\n  | The name of the application you want to add to the log. It is recommended\n  | to always have app name in every log line.\n  |\n  | The `APP_NAME` environment variable is automatically set by AdonisJS by\n  | reading the `name` property from the `package.json` file.\n  |\n  */\n  name: Env.get('APP_NAME'),\n\n  /*\n  |--------------------------------------------------------------------------\n  | Toggle logger\n  |--------------------------------------------------------------------------\n  |\n  | Enable or disable logger application wide\n  |\n  */\n  enabled: true,\n\n  /*\n  |--------------------------------------------------------------------------\n  | Logging level\n  |--------------------------------------------------------------------------\n  |\n  | The level from which you want the logger to flush logs. It is recommended\n  | to make use of the environment variable, so that you can define log levels\n  | at deployment level and not code level.\n  |\n  */\n  level: Env.get('LOG_LEVEL', 'info'),\n\n  /*\n  |--------------------------------------------------------------------------\n  | Pretty print\n  |--------------------------------------------------------------------------\n  |\n  | It is highly advised NOT to use `prettyPrint` in production, since it\n  | can have huge impact on performance.\n  |\n  */\n  prettyPrint: Env.get('NODE_ENV') === 'development',\n}\n\n/*\n|--------------------------------------------------------------------------\n| Profiler\n|--------------------------------------------------------------------------\n*/\nexport const profiler: ProfilerConfig = {\n  /*\n  |--------------------------------------------------------------------------\n  | Toggle profiler\n  |--------------------------------------------------------------------------\n  |\n  | Enable or disable profiler\n  |\n  */\n  enabled: true,\n\n  /*\n  |--------------------------------------------------------------------------\n  | Blacklist actions/row labels\n  |--------------------------------------------------------------------------\n  |\n  | Define an array of actions or row labels that you want to disable from\n  | getting profiled.\n  |\n  */\n  blacklist: [],\n\n  /*\n  |--------------------------------------------------------------------------\n  | Whitelist actions/row labels\n  |--------------------------------------------------------------------------\n  |\n  | Define an array of actions or row labels that you want to whitelist for\n  | the profiler. When whitelist is defined, then `blacklist` is ignored.\n  |\n  */\n  whitelist: [],\n}\n\n/*\n|--------------------------------------------------------------------------\n| Validator\n|--------------------------------------------------------------------------\n|\n| Configure the global configuration for the validator. Here's the reference\n| to the default config https://git.io/JT0WE\n|\n*/\nexport const validator: ValidatorConfig = {}\n"]},"_coverageSchema":"1a1c01bbd47fc00a2c39e90264f33305004495a9","hash":"fd461b07acfa2ba4f4eb8aae28db1adfd8ad03ef","contentHash":"49bcdd57848ccea986027eb24e937e6e1f5423484597f006a3d927fcdc33d660"},"C:\\Users\\H.C Lima\\Documents\\GitHub\\TGL-API\\config\\auth.ts":{"path":"C:\\Users\\H.C Lima\\Documents\\GitHub\\TGL-API\\config\\auth.ts","statementMap":{"0":{"start":{"line":2,"column":22},"end":{"line":8,"column":3}},"1":{"start":{"line":3,"column":4},"end":{"line":3,"column":33}},"2":{"start":{"line":3,"column":26},"end":{"line":3,"column":33}},"3":{"start":{"line":4,"column":4},"end":{"line":4,"column":89}},"4":{"start":{"line":4,"column":71},"end":{"line":4,"column":83}},"5":{"start":{"line":6,"column":4},"end":{"line":6,"column":33}},"6":{"start":{"line":6,"column":26},"end":{"line":6,"column":33}},"7":{"start":{"line":7,"column":4},"end":{"line":7,"column":17}},"8":{"start":{"line":9,"column":25},"end":{"line":13,"column":2}},"9":{"start":{"line":10,"column":4},"end":{"line":10,"column":72}},"10":{"start":{"line":12,"column":4},"end":{"line":12,"column":21}},"11":{"start":{"line":14,"column":19},"end":{"line":20,"column":1}},"12":{"start":{"line":15,"column":4},"end":{"line":15,"column":42}},"13":{"start":{"line":15,"column":31},"end":{"line":15,"column":42}},"14":{"start":{"line":16,"column":17},"end":{"line":16,"column":19}},"15":{"start":{"line":17,"column":4},"end":{"line":17,"column":141}},"16":{"start":{"line":17,"column":21},"end":{"line":17,"column":141}},"17":{"start":{"line":17,"column":40},"end":{"line":17,"column":141}},"18":{"start":{"line":17,"column":109},"end":{"line":17,"column":141}},"19":{"start":{"line":18,"column":4},"end":{"line":18,"column":36}},"20":{"start":{"line":19,"column":4},"end":{"line":19,"column":18}},"21":{"start":{"line":21,"column":0},"end":{"line":21,"column":62}},"22":{"start":{"line":22,"column":19},"end":{"line":41,"column":1}},"23":{"start":{"line":37,"column":29},"end":{"line":37,"column":121}},"24":{"start":{"line":37,"column":58},"end":{"line":37,"column":120}},"25":{"start":{"line":42,"column":0},"end":{"line":42,"column":29}}},"fnMap":{"0":{"name":"(anonymous_0)","decl":{"start":{"line":2,"column":74},"end":{"line":2,"column":75}},"loc":{"start":{"line":2,"column":96},"end":{"line":5,"column":1}},"line":2},"1":{"name":"(anonymous_1)","decl":{"start":{"line":4,"column":58},"end":{"line":4,"column":59}},"loc":{"start":{"line":4,"column":69},"end":{"line":4,"column":85}},"line":4},"2":{"name":"(anonymous_2)","decl":{"start":{"line":5,"column":6},"end":{"line":5,"column":7}},"loc":{"start":{"line":5,"column":28},"end":{"line":8,"column":1}},"line":5},"3":{"name":"(anonymous_3)","decl":{"start":{"line":9,"column":80},"end":{"line":9,"column":81}},"loc":{"start":{"line":9,"column":95},"end":{"line":11,"column":1}},"line":9},"4":{"name":"(anonymous_4)","decl":{"start":{"line":11,"column":5},"end":{"line":11,"column":6}},"loc":{"start":{"line":11,"column":20},"end":{"line":13,"column":1}},"line":11},"5":{"name":"(anonymous_5)","decl":{"start":{"line":14,"column":50},"end":{"line":14,"column":51}},"loc":{"start":{"line":14,"column":65},"end":{"line":20,"column":1}},"line":14},"6":{"name":"(anonymous_6)","decl":{"start":{"line":37,"column":23},"end":{"line":37,"column":24}},"loc":{"start":{"line":37,"column":29},"end":{"line":37,"column":121}},"line":37},"7":{"name":"(anonymous_7)","decl":{"start":{"line":37,"column":52},"end":{"line":37,"column":53}},"loc":{"start":{"line":37,"column":58},"end":{"line":37,"column":120}},"line":37}},"branchMap":{"0":{"loc":{"start":{"line":2,"column":22},"end":{"line":8,"column":3}},"type":"binary-expr","locations":[{"start":{"line":2,"column":23},"end":{"line":2,"column":27}},{"start":{"line":2,"column":31},"end":{"line":2,"column":51}},{"start":{"line":2,"column":57},"end":{"line":8,"column":2}}],"line":2},"1":{"loc":{"start":{"line":2,"column":57},"end":{"line":8,"column":2}},"type":"cond-expr","locations":[{"start":{"line":2,"column":74},"end":{"line":5,"column":1}},{"start":{"line":5,"column":6},"end":{"line":8,"column":1}}],"line":2},"2":{"loc":{"start":{"line":3,"column":4},"end":{"line":3,"column":33}},"type":"if","locations":[{"start":{"line":3,"column":4},"end":{"line":3,"column":33}},{"start":{"line":3,"column":4},"end":{"line":3,"column":33}}],"line":3},"3":{"loc":{"start":{"line":6,"column":4},"end":{"line":6,"column":33}},"type":"if","locations":[{"start":{"line":6,"column":4},"end":{"line":6,"column":33}},{"start":{"line":6,"column":4},"end":{"line":6,"column":33}}],"line":6},"4":{"loc":{"start":{"line":9,"column":25},"end":{"line":13,"column":2}},"type":"binary-expr","locations":[{"start":{"line":9,"column":26},"end":{"line":9,"column":30}},{"start":{"line":9,"column":34},"end":{"line":9,"column":57}},{"start":{"line":9,"column":63},"end":{"line":13,"column":1}}],"line":9},"5":{"loc":{"start":{"line":9,"column":63},"end":{"line":13,"column":1}},"type":"cond-expr","locations":[{"start":{"line":9,"column":80},"end":{"line":11,"column":1}},{"start":{"line":11,"column":5},"end":{"line":13,"column":1}}],"line":9},"6":{"loc":{"start":{"line":14,"column":19},"end":{"line":20,"column":1}},"type":"binary-expr","locations":[{"start":{"line":14,"column":20},"end":{"line":14,"column":24}},{"start":{"line":14,"column":28},"end":{"line":14,"column":45}},{"start":{"line":14,"column":50},"end":{"line":20,"column":1}}],"line":14},"7":{"loc":{"start":{"line":15,"column":4},"end":{"line":15,"column":42}},"type":"if","locations":[{"start":{"line":15,"column":4},"end":{"line":15,"column":42}},{"start":{"line":15,"column":4},"end":{"line":15,"column":42}}],"line":15},"8":{"loc":{"start":{"line":15,"column":8},"end":{"line":15,"column":29}},"type":"binary-expr","locations":[{"start":{"line":15,"column":8},"end":{"line":15,"column":11}},{"start":{"line":15,"column":15},"end":{"line":15,"column":29}}],"line":15},"9":{"loc":{"start":{"line":17,"column":4},"end":{"line":17,"column":141}},"type":"if","locations":[{"start":{"line":17,"column":4},"end":{"line":17,"column":141}},{"start":{"line":17,"column":4},"end":{"line":17,"column":141}}],"line":17},"10":{"loc":{"start":{"line":17,"column":40},"end":{"line":17,"column":141}},"type":"if","locations":[{"start":{"line":17,"column":40},"end":{"line":17,"column":141}},{"start":{"line":17,"column":40},"end":{"line":17,"column":141}}],"line":17},"11":{"loc":{"start":{"line":17,"column":44},"end":{"line":17,"column":107}},"type":"binary-expr","locations":[{"start":{"line":17,"column":44},"end":{"line":17,"column":59}},{"start":{"line":17,"column":63},"end":{"line":17,"column":107}}],"line":17}},"s":{"0":1,"1":0,"2":0,"3":0,"4":0,"5":0,"6":0,"7":0,"8":1,"9":0,"10":0,"11":1,"12":7,"13":7,"14":0,"15":0,"16":0,"17":0,"18":0,"19":0,"20":0,"21":1,"22":1,"23":7,"24":7,"25":1},"f":{"0":0,"1":0,"2":0,"3":0,"4":0,"5":7,"6":7,"7":7},"b":{"0":[1,1,1],"1":[1,0],"2":[0,0],"3":[0,0],"4":[1,1,1],"5":[1,0],"6":[1,1,1],"7":[7,0],"8":[7,7],"9":[0,0],"10":[0,0],"11":[0,0]},"inputSourceMap":{"version":3,"file":"auth.js","sourceRoot":"","sources":["auth.ts"],"names":[],"mappings":";;;;;;;;;;;;;;;;;;;;;AAkBA,MAAM,UAAU,GAAe;IAC7B,KAAK,EAAE,KAAK;IACZ,MAAM,EAAE;QAcN,GAAG,EAAE;YACH,MAAM,EAAE,KAAK;YAeb,aAAa,EAAE;gBACb,IAAI,EAAE,KAAK;gBACX,MAAM,EAAE,UAAU;gBAClB,KAAK,EAAE,YAAY;gBACnB,UAAU,EAAE,SAAS;aACtB;YAED,QAAQ,EAAE;gBASR,MAAM,EAAE,OAAO;gBAWf,aAAa,EAAE,IAAI;gBAYnB,IAAI,EAAE,CAAC,OAAO,CAAC;gBAaf,KAAK,EAAE,GAAG,EAAE,yEAAQ,iBAAiB,GAAC;aACvC;SACF;KACF;CACF,CAAA;AAED,kBAAe,UAAU,CAAA","sourcesContent":["/**\n * Config source: https://git.io/JY0mp\n *\n * Feel free to let us know via PR, if you find something broken in this config\n * file.\n */\n\nimport { AuthConfig } from '@ioc:Adonis/Addons/Auth'\n\n/*\n|--------------------------------------------------------------------------\n| Authentication Mapping\n|--------------------------------------------------------------------------\n|\n| List of available authentication mapping. You must first define them\n| inside the `contracts/auth.ts` file before mentioning them here.\n|\n*/\nconst authConfig: AuthConfig = {\n  guard: 'api',\n  guards: {\n    /*\n    |--------------------------------------------------------------------------\n    | OAT Guard\n    |--------------------------------------------------------------------------\n    |\n    | OAT (Opaque access tokens) guard uses database backed tokens to authenticate\n    | HTTP request. This guard DOES NOT rely on sessions or cookies and uses\n    | Authorization header value for authentication.\n    |\n    | Use this guard to authenticate mobile apps or web clients that cannot rely\n    | on cookies/sessions.\n    |\n    */\n    api: {\n      driver: 'oat',\n\n      /*\n      |--------------------------------------------------------------------------\n      | Tokens provider\n      |--------------------------------------------------------------------------\n      |\n      | Uses SQL database for managing tokens. Use the \"database\" driver, when\n      | tokens are the secondary mode of authentication.\n      | For example: The Github personal tokens\n      |\n      | The foreignKey column is used to make the relationship between the user\n      | and the token. You are free to use any column name here.\n      |\n      */\n      tokenProvider: {\n        type: 'api',\n        driver: 'database',\n        table: 'api_tokens',\n        foreignKey: 'user_id',\n      },\n\n      provider: {\n        /*\n        |--------------------------------------------------------------------------\n        | Driver\n        |--------------------------------------------------------------------------\n        |\n        | Name of the driver\n        |\n        */\n        driver: 'lucid',\n\n        /*\n        |--------------------------------------------------------------------------\n        | Identifier key\n        |--------------------------------------------------------------------------\n        |\n        | The identifier key is the unique key on the model. In most cases specifying\n        | the primary key is the right choice.\n        |\n        */\n        identifierKey: 'id',\n\n        /*\n        |--------------------------------------------------------------------------\n        | Uids\n        |--------------------------------------------------------------------------\n        |\n        | Uids are used to search a user against one of the mentioned columns. During\n        | login, the auth module will search the user mentioned value against one\n        | of the mentioned columns to find their user record.\n        |\n        */\n        uids: ['email'],\n\n        /*\n        |--------------------------------------------------------------------------\n        | Model\n        |--------------------------------------------------------------------------\n        |\n        | The model to use for fetching or finding users. The model is imported\n        | lazily since the config files are read way earlier in the lifecycle\n        | of booting the app and the models may not be in a usable state at\n        | that time.\n        |\n        */\n        model: () => import('App/Models/user'),\n      },\n    },\n  },\n}\n\nexport default authConfig\n"]},"_coverageSchema":"1a1c01bbd47fc00a2c39e90264f33305004495a9","hash":"715058473a049428a0a55a4c5004c9e7b0fdebd2","contentHash":"d035be3726232a2ccf0d17ee1db24b6fd288bb3a792cb769deb2f5777068e5e7"},"C:\\Users\\H.C Lima\\Documents\\GitHub\\TGL-API\\config\\bodyparser.ts":{"path":"C:\\Users\\H.C Lima\\Documents\\GitHub\\TGL-API\\config\\bodyparser.ts","statementMap":{"0":{"start":{"line":2,"column":0},"end":{"line":2,"column":62}},"1":{"start":{"line":3,"column":25},"end":{"line":38,"column":1}},"2":{"start":{"line":39,"column":0},"end":{"line":39,"column":35}}},"fnMap":{},"branchMap":{},"s":{"0":1,"1":1,"2":1},"f":{},"b":{},"inputSourceMap":{"version":3,"file":"bodyparser.js","sourceRoot":"","sources":["bodyparser.ts"],"names":[],"mappings":";;AASA,MAAM,gBAAgB,GAAqB;IAUzC,kBAAkB,EAAE,CAAC,MAAM,EAAE,KAAK,EAAE,OAAO,EAAE,QAAQ,CAAC;IAWtD,IAAI,EAAE;QACJ,QAAQ,EAAE,OAAO;QACjB,KAAK,EAAE,KAAK;QACZ,MAAM,EAAE,IAAI;QACZ,KAAK,EAAE;YACL,kBAAkB;YAClB,6BAA6B;YAC7B,0BAA0B;YAC1B,wBAAwB;SACzB;KACF;IAWD,IAAI,EAAE;QACJ,QAAQ,EAAE,OAAO;QACjB,KAAK,EAAE,KAAK;QACZ,WAAW,EAAE,EAAE;QAYf,yBAAyB,EAAE,IAAI;QAE/B,KAAK,EAAE,CAAC,mCAAmC,CAAC;KAC7C;IAYD,GAAG,EAAE;QACH,QAAQ,EAAE,OAAO;QACjB,KAAK,EAAE,KAAK;QACZ,WAAW,EAAE,EAAE;QACf,KAAK,EAAE,CAAC,QAAQ,CAAC;KAClB;IAWD,SAAS,EAAE;QAcT,WAAW,EAAE,IAAI;QAsBjB,eAAe,EAAE,EAAE;QAuBnB,QAAQ,EAAE,OAAO;QAYjB,yBAAyB,EAAE,IAAI;QAW/B,SAAS,EAAE,IAAI;QAWf,KAAK,EAAE,MAAM;QAUb,KAAK,EAAE,CAAC,qBAAqB,CAAC;KAC/B;CACF,CAAA;AAED,kBAAe,gBAAgB,CAAA","sourcesContent":["/**\n * Config source: https://git.io/Jfefn\n *\n * Feel free to let us know via PR, if you find something broken in this config\n * file.\n */\n\nimport { BodyParserConfig } from '@ioc:Adonis/Core/BodyParser'\n\nconst bodyParserConfig: BodyParserConfig = {\n  /*\n  |--------------------------------------------------------------------------\n  | White listed methods\n  |--------------------------------------------------------------------------\n  |\n  | HTTP methods for which body parsing must be performed. It is a good practice\n  | to avoid body parsing for `GET` requests.\n  |\n  */\n  whitelistedMethods: ['POST', 'PUT', 'PATCH', 'DELETE'],\n\n  /*\n  |--------------------------------------------------------------------------\n  | JSON parser settings\n  |--------------------------------------------------------------------------\n  |\n  | The settings for the JSON parser. The types defines the request content\n  | types which gets processed by the JSON parser.\n  |\n  */\n  json: {\n    encoding: 'utf-8',\n    limit: '1mb',\n    strict: true,\n    types: [\n      'application/json',\n      'application/json-patch+json',\n      'application/vnd.api+json',\n      'application/csp-report',\n    ],\n  },\n\n  /*\n  |--------------------------------------------------------------------------\n  | Form parser settings\n  |--------------------------------------------------------------------------\n  |\n  | The settings for the `application/x-www-form-urlencoded` parser. The types\n  | defines the request content types which gets processed by the form parser.\n  |\n  */\n  form: {\n    encoding: 'utf-8',\n    limit: '1mb',\n    queryString: {},\n\n    /*\n    |--------------------------------------------------------------------------\n    | Convert empty strings to null\n    |--------------------------------------------------------------------------\n    |\n    | Convert empty form fields to null. HTML forms results in field string\n    | value when the field is left blank. This option normalizes all the blank\n    | field values to \"null\"\n    |\n    */\n    convertEmptyStringsToNull: true,\n\n    types: ['application/x-www-form-urlencoded'],\n  },\n\n  /*\n  |--------------------------------------------------------------------------\n  | Raw body parser settings\n  |--------------------------------------------------------------------------\n  |\n  | Raw body just reads the request body stream as a plain text, which you\n  | can process by hand. This must be used when request body type is not\n  | supported by the body parser.\n  |\n  */\n  raw: {\n    encoding: 'utf-8',\n    limit: '1mb',\n    queryString: {},\n    types: ['text/*'],\n  },\n\n  /*\n  |--------------------------------------------------------------------------\n  | Multipart parser settings\n  |--------------------------------------------------------------------------\n  |\n  | The settings for the `multipart/form-data` parser. The types defines the\n  | request content types which gets processed by the form parser.\n  |\n  */\n  multipart: {\n    /*\n    |--------------------------------------------------------------------------\n    | Auto process\n    |--------------------------------------------------------------------------\n    |\n    | The auto process option will process uploaded files and writes them to\n    | the `tmp` folder. You can turn it off and then manually use the stream\n    | to pipe stream to a different destination.\n    |\n    | It is recommended to keep `autoProcess=true`. Unless you are processing bigger\n    | file sizes.\n    |\n    */\n    autoProcess: true,\n\n    /*\n    |--------------------------------------------------------------------------\n    | Files to be processed manually\n    |--------------------------------------------------------------------------\n    |\n    | You can turn off `autoProcess` for certain routes by defining\n    | routes inside the following array.\n    |\n    | NOTE: Make sure the route pattern starts with a leading slash.\n    |\n    | Correct\n    | ```js\n    | /projects/:id/file\n    | ```\n    |\n    | Incorrect\n    | ```js\n    | projects/:id/file\n    | ```\n    */\n    processManually: [],\n\n    /*\n    |--------------------------------------------------------------------------\n    | Temporary file name\n    |--------------------------------------------------------------------------\n    |\n    | When auto processing is on. We will use this method to compute the temporary\n    | file name. AdonisJs will compute a unique `tmpPath` for you automatically,\n    | However, you can also define your own custom method.\n    |\n    */\n    // tmpFileName () {\n    // },\n\n    /*\n    |--------------------------------------------------------------------------\n    | Encoding\n    |--------------------------------------------------------------------------\n    |\n    | Request body encoding\n    |\n    */\n    encoding: 'utf-8',\n\n    /*\n    |--------------------------------------------------------------------------\n    | Convert empty strings to null\n    |--------------------------------------------------------------------------\n    |\n    | Convert empty form fields to null. HTML forms results in field string\n    | value when the field is left blank. This option normalizes all the blank\n    | field values to \"null\"\n    |\n    */\n    convertEmptyStringsToNull: true,\n\n    /*\n    |--------------------------------------------------------------------------\n    | Max Fields\n    |--------------------------------------------------------------------------\n    |\n    | The maximum number of fields allowed in the request body. The field includes\n    | text inputs and files both.\n    |\n    */\n    maxFields: 1000,\n\n    /*\n    |--------------------------------------------------------------------------\n    | Request body limit\n    |--------------------------------------------------------------------------\n    |\n    | The total limit to the multipart body. This includes all request files\n    | and fields data.\n    |\n    */\n    limit: '20mb',\n\n    /*\n    |--------------------------------------------------------------------------\n    | Types\n    |--------------------------------------------------------------------------\n    |\n    | The types that will be considered and parsed as multipart body.\n    |\n    */\n    types: ['multipart/form-data'],\n  },\n}\n\nexport default bodyParserConfig\n"]},"_coverageSchema":"1a1c01bbd47fc00a2c39e90264f33305004495a9","hash":"c1c36217baab7b857f1650c2f5eb8e0e7940fd4b","contentHash":"b7e4c9a5e6d1cbbef2e08ea9f8350429bd646b4a544c034cd323a84f2d96b0dd"},"C:\\Users\\H.C Lima\\Documents\\GitHub\\TGL-API\\config\\cors.ts":{"path":"C:\\Users\\H.C Lima\\Documents\\GitHub\\TGL-API\\config\\cors.ts","statementMap":{"0":{"start":{"line":2,"column":0},"end":{"line":2,"column":62}},"1":{"start":{"line":3,"column":19},"end":{"line":18,"column":1}},"2":{"start":{"line":19,"column":0},"end":{"line":19,"column":29}}},"fnMap":{},"branchMap":{},"s":{"0":1,"1":1,"2":1},"f":{},"b":{},"inputSourceMap":{"version":3,"file":"cors.js","sourceRoot":"","sources":["cors.ts"],"names":[],"mappings":";;AASA,MAAM,UAAU,GAAe;IAa7B,OAAO,EAAE,IAAI;IAwBb,MAAM,EAAE,IAAI;IAYZ,OAAO,EAAE,CAAC,KAAK,EAAE,MAAM,EAAE,MAAM,EAAE,KAAK,EAAE,QAAQ,CAAC;IAmBjD,OAAO,EAAE,IAAI;IAsBb,aAAa,EAAE;QACb,eAAe;QACf,kBAAkB;QAClB,cAAc;QACd,SAAS;QACT,eAAe;QACf,QAAQ;KACT;IAaD,WAAW,EAAE,IAAI;IAWjB,MAAM,EAAE,EAAE;CACX,CAAA;AAED,kBAAe,UAAU,CAAA","sourcesContent":["/**\n * Config source: https://git.io/JfefC\n *\n * Feel free to let us know via PR, if you find something broken in this config\n * file.\n */\n\nimport { CorsConfig } from '@ioc:Adonis/Core/Cors'\n\nconst corsConfig: CorsConfig = {\n  /*\n  |--------------------------------------------------------------------------\n  | Enabled\n  |--------------------------------------------------------------------------\n  |\n  | A boolean to enable or disable CORS integration from your AdonisJs\n  | application.\n  |\n  | Setting the value to `true` will enable the CORS for all HTTP request. However,\n  | you can define a function to enable/disable it on per request basis as well.\n  |\n  */\n  enabled: true,\n\n  // You can also use a function that return true or false.\n  // enabled: (request) => request.url().startsWith('/api')\n\n  /*\n  |--------------------------------------------------------------------------\n  | Origin\n  |--------------------------------------------------------------------------\n  |\n  | Set a list of origins to be allowed for `Access-Control-Allow-Origin`.\n  | The value can be one of the following:\n  |\n  | https://developer.mozilla.org/en-US/docs/Web/HTTP/Headers/Access-Control-Allow-Origin\n  |\n  | Boolean (true)    - Allow current request origin.\n  | Boolean (false)   - Disallow all.\n  | String            - Comma separated list of allowed origins.\n  | Array             - An array of allowed origins.\n  | String (*)        - A wildcard (*) to allow all request origins.\n  | Function          - Receives the current origin string and should return\n  |                     one of the above values.\n  |\n  */\n  origin: true,\n\n  /*\n  |--------------------------------------------------------------------------\n  | Methods\n  |--------------------------------------------------------------------------\n  |\n  | An array of allowed HTTP methods for CORS. The `Access-Control-Request-Method`\n  | is checked against the following list.\n  |\n  | Following is the list of default methods. Feel free to add more.\n  */\n  methods: ['GET', 'HEAD', 'POST', 'PUT', 'DELETE'],\n\n  /*\n  |--------------------------------------------------------------------------\n  | Headers\n  |--------------------------------------------------------------------------\n  |\n  | List of headers to be allowed for `Access-Control-Allow-Headers` header.\n  | The value can be one of the following:\n  |\n  | https://developer.mozilla.org/en-US/docs/Web/HTTP/Headers/Access-Control-Request-Headers\n  |\n  | Boolean(true)     - Allow all headers mentioned in `Access-Control-Request-Headers`.\n  | Boolean(false)    - Disallow all headers.\n  | String            - Comma separated list of allowed headers.\n  | Array             - An array of allowed headers.\n  | Function          - Receives the current header and should return one of the above values.\n  |\n  */\n  headers: true,\n\n  /*\n  |--------------------------------------------------------------------------\n  | Expose Headers\n  |--------------------------------------------------------------------------\n  |\n  | A list of headers to be exposed by setting `Access-Control-Expose-Headers`.\n  | header. By default following 6 simple response headers are exposed.\n  |\n  | Cache-Control\n  | Content-Language\n  | Content-Type\n  | Expires\n  | Last-Modified\n  | Pragma\n  |\n  | In order to add more headers, simply define them inside the following array.\n  |\n  | https://developer.mozilla.org/en-US/docs/Web/HTTP/Headers/Access-Control-Expose-Headers\n  |\n  */\n  exposeHeaders: [\n    'cache-control',\n    'content-language',\n    'content-type',\n    'expires',\n    'last-modified',\n    'pragma',\n  ],\n\n  /*\n  |--------------------------------------------------------------------------\n  | Credentials\n  |--------------------------------------------------------------------------\n  |\n  | Toggle `Access-Control-Allow-Credentials` header. If value is set to `true`,\n  | then header will be set, otherwise not.\n  |\n  | https://developer.mozilla.org/en-US/docs/Web/HTTP/Headers/Access-Control-Allow-Credentials\n  |\n  */\n  credentials: true,\n\n  /*\n  |--------------------------------------------------------------------------\n  | MaxAge\n  |--------------------------------------------------------------------------\n  |\n  | Define `Access-Control-Max-Age` header in seconds.\n  | https://developer.mozilla.org/en-US/docs/Web/HTTP/Headers/Access-Control-Max-Age\n  |\n  */\n  maxAge: 90,\n}\n\nexport default corsConfig\n"]},"_coverageSchema":"1a1c01bbd47fc00a2c39e90264f33305004495a9","hash":"97e7720d98e3b752194f155ed102b0d022c7dad4","contentHash":"e616952a5253934b0591f3c982754d1e3aec206b1efeaa1e4443dac3231e5028"},"C:\\Users\\H.C Lima\\Documents\\GitHub\\TGL-API\\config\\database.ts":{"path":"C:\\Users\\H.C Lima\\Documents\\GitHub\\TGL-API\\config\\database.ts","statementMap":{"0":{"start":{"line":2,"column":22},"end":{"line":4,"column":1}},"1":{"start":{"line":3,"column":4},"end":{"line":3,"column":62}},"2":{"start":{"line":5,"column":0},"end":{"line":5,"column":62}},"3":{"start":{"line":6,"column":22},"end":{"line":6,"column":95}},"4":{"start":{"line":7,"column":14},"end":{"line":7,"column":79}},"5":{"start":{"line":8,"column":23},"end":{"line":39,"column":1}},"6":{"start":{"line":40,"column":0},"end":{"line":40,"column":33}}},"fnMap":{"0":{"name":"(anonymous_0)","decl":{"start":{"line":2,"column":56},"end":{"line":2,"column":57}},"loc":{"start":{"line":2,"column":71},"end":{"line":4,"column":1}},"line":2}},"branchMap":{"0":{"loc":{"start":{"line":2,"column":22},"end":{"line":4,"column":1}},"type":"binary-expr","locations":[{"start":{"line":2,"column":23},"end":{"line":2,"column":27}},{"start":{"line":2,"column":31},"end":{"line":2,"column":51}},{"start":{"line":2,"column":56},"end":{"line":4,"column":1}}],"line":2},"1":{"loc":{"start":{"line":3,"column":11},"end":{"line":3,"column":61}},"type":"cond-expr","locations":[{"start":{"line":3,"column":37},"end":{"line":3,"column":40}},{"start":{"line":3,"column":43},"end":{"line":3,"column":61}}],"line":3},"2":{"loc":{"start":{"line":3,"column":12},"end":{"line":3,"column":33}},"type":"binary-expr","locations":[{"start":{"line":3,"column":12},"end":{"line":3,"column":15}},{"start":{"line":3,"column":19},"end":{"line":3,"column":33}}],"line":3}},"s":{"0":1,"1":2,"2":1,"3":1,"4":1,"5":1,"6":1},"f":{"0":2},"b":{"0":[1,1,1],"1":[0,2],"2":[2,2]},"inputSourceMap":{"version":3,"file":"database.js","sourceRoot":"","sources":["database.ts"],"names":[],"mappings":";;;;;AAMA,gGAAsD;AACtD,gFAAsC;AAGtC,MAAM,cAAc,GAAmB;IAWrC,UAAU,EAAE,aAAG,CAAC,GAAG,CAAC,eAAe,CAAC;IAEpC,WAAW,EAAE;QAYX,MAAM,EAAE;YACN,MAAM,EAAE,QAAQ;YAChB,UAAU,EAAE;gBACV,QAAQ,EAAE,qBAAW,CAAC,OAAO,CAAC,YAAY,CAAC;aAC5C;YACD,UAAU,EAAE;gBACV,WAAW,EAAE,IAAI;aAClB;YACD,gBAAgB,EAAE,IAAI;YACtB,WAAW,EAAE,KAAK;YAClB,KAAK,EAAE,KAAK;SACb;QAED,EAAE,EAAE;YACF,MAAM,EAAE,IAAI;YACZ,UAAU,EAAE;gBACV,IAAI,EAAE,aAAG,CAAC,GAAG,CAAC,SAAS,CAAC;gBACxB,IAAI,EAAE,aAAG,CAAC,GAAG,CAAC,SAAS,CAAC;gBACxB,IAAI,EAAE,aAAG,CAAC,GAAG,CAAC,SAAS,CAAC;gBACxB,QAAQ,EAAE,aAAG,CAAC,GAAG,CAAC,aAAa,EAAE,EAAE,CAAC;gBACpC,QAAQ,EAAE,aAAG,CAAC,GAAG,CAAC,YAAY,CAAC;aAChC;YACD,UAAU,EAAE;gBACV,WAAW,EAAE,IAAI;aAClB;YACD,WAAW,EAAE,KAAK;YAClB,KAAK,EAAE,KAAK;SACb;KACF;CACF,CAAA;AAED,kBAAe,cAAc,CAAA","sourcesContent":["/**\n * Config source: https://git.io/JesV9\n *\n * Feel free to let us know via PR, if you find something broken in this config\n * file.\n */\nimport Application from '@ioc:Adonis/Core/Application'\nimport Env from '@ioc:Adonis/Core/Env'\nimport { DatabaseConfig } from '@ioc:Adonis/Lucid/Database'\n\nconst databaseConfig: DatabaseConfig = {\n  /*\n  |--------------------------------------------------------------------------\n  | Connection\n  |--------------------------------------------------------------------------\n  |\n  | The primary connection for making database queries across the application\n  | You can use any key from the `connections` object defined in this same\n  | file.\n  |\n  */\n  connection: Env.get('DB_CONNECTION'),\n\n  connections: {\n    /*\n    |--------------------------------------------------------------------------\n    | PostgreSQL config\n    |--------------------------------------------------------------------------\n    |\n    | Configuration for PostgreSQL database. Make sure to install the driver\n    | from npm when using this connection\n    |\n    | npm i pg\n    |\n    */\n    sqlite: {\n      client: 'sqlite',\n      connection: {\n        filename: Application.tmpPath('db.sqlite3'),\n      },\n      migrations: {\n        naturalSort: true,\n      },\n      useNullAsDefault: true,\n      healthCheck: false,\n      debug: false,\n    },\n\n    pg: {\n      client: 'pg',\n      connection: {\n        host: Env.get('PG_HOST'),\n        port: Env.get('PG_PORT'),\n        user: Env.get('PG_USER'),\n        password: Env.get('PG_PASSWORD', ''),\n        database: Env.get('PG_DB_NAME'),\n      },\n      migrations: {\n        naturalSort: true,\n      },\n      healthCheck: false,\n      debug: false,\n    },\n  },\n}\n\nexport default databaseConfig\n"]},"_coverageSchema":"1a1c01bbd47fc00a2c39e90264f33305004495a9","hash":"9c773588c7598ab910439c85d38223dc28eaee24","contentHash":"64c4d55e40561d123825991ec8bbb849ee8de66b4a4b90a12b71a69f3595b7c0"},"C:\\Users\\H.C Lima\\Documents\\GitHub\\TGL-API\\config\\hash.ts":{"path":"C:\\Users\\H.C Lima\\Documents\\GitHub\\TGL-API\\config\\hash.ts","statementMap":{"0":{"start":{"line":2,"column":22},"end":{"line":4,"column":1}},"1":{"start":{"line":3,"column":4},"end":{"line":3,"column":62}},"2":{"start":{"line":5,"column":0},"end":{"line":5,"column":62}},"3":{"start":{"line":6,"column":14},"end":{"line":6,"column":79}},"4":{"start":{"line":7,"column":19},"end":{"line":23,"column":1}},"5":{"start":{"line":24,"column":0},"end":{"line":24,"column":29}}},"fnMap":{"0":{"name":"(anonymous_0)","decl":{"start":{"line":2,"column":56},"end":{"line":2,"column":57}},"loc":{"start":{"line":2,"column":71},"end":{"line":4,"column":1}},"line":2}},"branchMap":{"0":{"loc":{"start":{"line":2,"column":22},"end":{"line":4,"column":1}},"type":"binary-expr","locations":[{"start":{"line":2,"column":23},"end":{"line":2,"column":27}},{"start":{"line":2,"column":31},"end":{"line":2,"column":51}},{"start":{"line":2,"column":56},"end":{"line":4,"column":1}}],"line":2},"1":{"loc":{"start":{"line":3,"column":11},"end":{"line":3,"column":61}},"type":"cond-expr","locations":[{"start":{"line":3,"column":37},"end":{"line":3,"column":40}},{"start":{"line":3,"column":43},"end":{"line":3,"column":61}}],"line":3},"2":{"loc":{"start":{"line":3,"column":12},"end":{"line":3,"column":33}},"type":"binary-expr","locations":[{"start":{"line":3,"column":12},"end":{"line":3,"column":15}},{"start":{"line":3,"column":19},"end":{"line":3,"column":33}}],"line":3}},"s":{"0":1,"1":1,"2":1,"3":1,"4":1,"5":1},"f":{"0":1},"b":{"0":[1,1,1],"1":[0,1],"2":[1,1]},"inputSourceMap":{"version":3,"file":"hash.js","sourceRoot":"","sources":["hash.ts"],"names":[],"mappings":";;;;;AAOA,gFAAsC;AAYtC,MAAM,UAAU,GAAe;IAU7B,OAAO,EAAE,aAAG,CAAC,GAAG,CAAC,aAAa,EAAE,OAAO,CAAC;IAExC,IAAI,EAAE;QAcJ,KAAK,EAAE;YACL,MAAM,EAAE,QAAQ;YAChB,OAAO,EAAE,IAAI;YACb,UAAU,EAAE,CAAC;YACb,MAAM,EAAE,IAAI;YACZ,WAAW,EAAE,CAAC;YACd,QAAQ,EAAE,EAAE;SACb;QAeD,MAAM,EAAE;YACN,MAAM,EAAE,QAAQ;YAChB,MAAM,EAAE,EAAE;SACX;KACF;CACF,CAAA;AAED,kBAAe,UAAU,CAAA","sourcesContent":["/**\n * Config source: https://git.io/JfefW\n *\n * Feel free to let us know via PR, if you find something broken in this config\n * file.\n */\n\nimport Env from '@ioc:Adonis/Core/Env'\nimport { HashConfig } from '@ioc:Adonis/Core/Hash'\n\n/*\n|--------------------------------------------------------------------------\n| Hash Config\n|--------------------------------------------------------------------------\n|\n| The `HashConfig` relies on the `HashList` interface which is\n| defined inside `contracts` directory.\n|\n*/\nconst hashConfig: HashConfig = {\n  /*\n  |--------------------------------------------------------------------------\n  | Default hasher\n  |--------------------------------------------------------------------------\n  |\n  | By default we make use of the bcrypt hasher to hash values. However, feel\n  | free to change the default value\n  |\n  */\n  default: Env.get('HASH_DRIVER', 'argon'),\n\n  list: {\n    /*\n    |--------------------------------------------------------------------------\n    | Argon\n    |--------------------------------------------------------------------------\n    |\n    | Argon mapping uses the `argon2` driver to hash values.\n    |\n    | Make sure you install the underlying dependency for this driver to work.\n    | https://www.npmjs.com/package/phc-argon2.\n    |\n    | npm install phc-argon2\n    |\n    */\n    argon: {\n      driver: 'argon2',\n      variant: 'id',\n      iterations: 3,\n      memory: 4096,\n      parallelism: 1,\n      saltSize: 16,\n    },\n\n    /*\n    |--------------------------------------------------------------------------\n    | Bcrypt\n    |--------------------------------------------------------------------------\n    |\n    | Bcrypt mapping uses the `bcrypt` driver to hash values.\n    |\n    | Make sure you install the underlying dependency for this driver to work.\n    | https://www.npmjs.com/package/phc-bcrypt.\n    |\n    | npm install phc-bcrypt\n    |\n    */\n    bcrypt: {\n      driver: 'bcrypt',\n      rounds: 10,\n    },\n  },\n}\n\nexport default hashConfig\n"]},"_coverageSchema":"1a1c01bbd47fc00a2c39e90264f33305004495a9","hash":"99935dd138727791298cfaac0c7ff201db9ddc1b","contentHash":"8716eeec6734535a4df6b3e124bdc360f084995327cd70e3c922236b6df048b8"},"C:\\Users\\H.C Lima\\Documents\\GitHub\\TGL-API\\config\\mail.ts":{"path":"C:\\Users\\H.C Lima\\Documents\\GitHub\\TGL-API\\config\\mail.ts","statementMap":{"0":{"start":{"line":2,"column":22},"end":{"line":4,"column":1}},"1":{"start":{"line":3,"column":4},"end":{"line":3,"column":62}},"2":{"start":{"line":5,"column":0},"end":{"line":5,"column":62}},"3":{"start":{"line":6,"column":14},"end":{"line":6,"column":79}},"4":{"start":{"line":7,"column":19},"end":{"line":21,"column":1}},"5":{"start":{"line":22,"column":0},"end":{"line":22,"column":29}}},"fnMap":{"0":{"name":"(anonymous_0)","decl":{"start":{"line":2,"column":56},"end":{"line":2,"column":57}},"loc":{"start":{"line":2,"column":71},"end":{"line":4,"column":1}},"line":2}},"branchMap":{"0":{"loc":{"start":{"line":2,"column":22},"end":{"line":4,"column":1}},"type":"binary-expr","locations":[{"start":{"line":2,"column":23},"end":{"line":2,"column":27}},{"start":{"line":2,"column":31},"end":{"line":2,"column":51}},{"start":{"line":2,"column":56},"end":{"line":4,"column":1}}],"line":2},"1":{"loc":{"start":{"line":3,"column":11},"end":{"line":3,"column":61}},"type":"cond-expr","locations":[{"start":{"line":3,"column":37},"end":{"line":3,"column":40}},{"start":{"line":3,"column":43},"end":{"line":3,"column":61}}],"line":3},"2":{"loc":{"start":{"line":3,"column":12},"end":{"line":3,"column":33}},"type":"binary-expr","locations":[{"start":{"line":3,"column":12},"end":{"line":3,"column":15}},{"start":{"line":3,"column":19},"end":{"line":3,"column":33}}],"line":3}},"s":{"0":1,"1":1,"2":1,"3":1,"4":1,"5":1},"f":{"0":1},"b":{"0":[1,1,1],"1":[0,1],"2":[1,1]},"inputSourceMap":{"version":3,"file":"mail.js","sourceRoot":"","sources":["mail.ts"],"names":[],"mappings":";;;;;AAOA,gFAAsC;AAGtC,MAAM,UAAU,GAAe;IAU7B,MAAM,EAAE,MAAM;IAed,OAAO,EAAE;QASP,IAAI,EAAE;YACJ,MAAM,EAAE,MAAM;YACd,IAAI,EAAE,aAAG,CAAC,GAAG,CAAC,WAAW,CAAC;YAC1B,IAAI,EAAE,aAAG,CAAC,GAAG,CAAC,WAAW,CAAC;YAC7B,IAAI,EAAE;gBACL,IAAI,EAAE,aAAG,CAAC,GAAG,CAAC,eAAe,CAAC;gBAC9B,IAAI,EAAE,aAAG,CAAC,GAAG,CAAC,eAAe,CAAC;gBAC9B,IAAI,EAAE,OAAO;aACb;SACC;KAEF;CACF,CAAA;AAED,kBAAe,UAAU,CAAA","sourcesContent":["/**\n * Config source: https://git.io/JvgAf\n *\n * Feel free to let us know via PR, if you find something broken in this contract\n * file.\n */\n\nimport Env from '@ioc:Adonis/Core/Env'\nimport { MailConfig } from '@ioc:Adonis/Addons/Mail'\n\nconst mailConfig: MailConfig = {\n  /*\n  |--------------------------------------------------------------------------\n  | Default mailer\n  |--------------------------------------------------------------------------\n  |\n  | The following mailer will be used to send emails, when you don't specify\n  | a mailer\n  |\n  */\n  mailer: 'smtp',\n\n  /*\n  |--------------------------------------------------------------------------\n  | Mailers\n  |--------------------------------------------------------------------------\n  |\n  | You can define or more mailers to send emails from your application. A\n  | single `driver` can be used to define multiple mailers with different\n  | config.\n  |\n  | For example: Postmark driver can be used to have different mailers for\n  | sending transactional and promotional emails\n  |\n  */\n  mailers: {\n    /*\n    |--------------------------------------------------------------------------\n    | Smtp\n    |--------------------------------------------------------------------------\n    |\n    | Uses SMTP protocol for sending email\n    |\n    */\n    smtp: {\n      driver: 'smtp',\n      host: Env.get('SMTP_HOST'),\n      port: Env.get('SMTP_PORT'),\n\t\t\tauth: {\n\t\t\t\tuser: Env.get('SMTP_USERNAME'),\n\t\t\t\tpass: Env.get('SMTP_PASSWORD'),\n\t\t\t\ttype: 'login',\n\t\t\t}\n    },\n\n  },\n}\n\nexport default mailConfig\n"]},"_coverageSchema":"1a1c01bbd47fc00a2c39e90264f33305004495a9","hash":"a7f25b03b2cc44a096b4396564c6405e26757fdc","contentHash":"be68c345d647a6a46c186aa001616dd8924af3948e37bd7f180b3d6e6fcf45f8"},"C:\\Users\\H.C Lima\\Documents\\GitHub\\TGL-API\\providers\\AppProvider.ts":{"path":"C:\\Users\\H.C Lima\\Documents\\GitHub\\TGL-API\\providers\\AppProvider.ts","statementMap":{"0":{"start":{"line":2,"column":0},"end":{"line":2,"column":62}},"1":{"start":{"line":5,"column":8},"end":{"line":5,"column":23}},"2":{"start":{"line":16,"column":0},"end":{"line":16,"column":30}}},"fnMap":{"0":{"name":"(anonymous_0)","decl":{"start":{"line":4,"column":4},"end":{"line":4,"column":5}},"loc":{"start":{"line":4,"column":21},"end":{"line":6,"column":5}},"line":4},"1":{"name":"(anonymous_1)","decl":{"start":{"line":7,"column":4},"end":{"line":7,"column":5}},"loc":{"start":{"line":7,"column":15},"end":{"line":8,"column":5}},"line":7},"2":{"name":"(anonymous_2)","decl":{"start":{"line":9,"column":4},"end":{"line":9,"column":5}},"loc":{"start":{"line":9,"column":17},"end":{"line":10,"column":5}},"line":9},"3":{"name":"(anonymous_3)","decl":{"start":{"line":11,"column":4},"end":{"line":11,"column":5}},"loc":{"start":{"line":11,"column":18},"end":{"line":12,"column":5}},"line":11},"4":{"name":"(anonymous_4)","decl":{"start":{"line":13,"column":4},"end":{"line":13,"column":5}},"loc":{"start":{"line":13,"column":21},"end":{"line":14,"column":5}},"line":13}},"branchMap":{},"s":{"0":1,"1":1,"2":1},"f":{"0":1,"1":1,"2":1,"3":1,"4":0},"b":{},"inputSourceMap":{"version":3,"file":"AppProvider.js","sourceRoot":"","sources":["AppProvider.ts"],"names":[],"mappings":";;AAEA,MAAqB,WAAW;IAC9B,YAAsB,GAAwB;QAAxB,QAAG,GAAH,GAAG,CAAqB;IAAG,CAAC;IAE3C,QAAQ;IAEf,CAAC;IAEM,KAAK,CAAC,IAAI;IAEjB,CAAC;IAEM,KAAK,CAAC,KAAK;IAElB,CAAC;IAEM,KAAK,CAAC,QAAQ;IAErB,CAAC;CACF;AAlBD,8BAkBC","sourcesContent":["import { ApplicationContract } from '@ioc:Adonis/Core/Application'\n\nexport default class AppProvider {\n  constructor(protected app: ApplicationContract) {}\n\n  public register() {\n    // Register your own bindings\n  }\n\n  public async boot() {\n    // IoC container is ready\n  }\n\n  public async ready() {\n    // App is ready\n  }\n\n  public async shutdown() {\n    // Cleanup, since app is going down\n  }\n}\n"]},"_coverageSchema":"1a1c01bbd47fc00a2c39e90264f33305004495a9","hash":"e15f4ddbece69a8a2303e3295295e8adc4c4e0e3","contentHash":"fa80ce05848a5d900445dca1056ed4bfa2cebbc08fe45da34f7c77ef75dd5f57"},"C:\\Users\\H.C Lima\\Documents\\GitHub\\TGL-API\\start\\routes.ts":{"path":"C:\\Users\\H.C Lima\\Documents\\GitHub\\TGL-API\\start\\routes.ts","statementMap":{"0":{"start":{"line":2,"column":22},"end":{"line":4,"column":1}},"1":{"start":{"line":3,"column":4},"end":{"line":3,"column":62}},"2":{"start":{"line":5,"column":0},"end":{"line":5,"column":62}},"3":{"start":{"line":6,"column":16},"end":{"line":6,"column":83}},"4":{"start":{"line":7,"column":0},"end":{"line":7,"column":61}},"5":{"start":{"line":8,"column":0},"end":{"line":8,"column":59}},"6":{"start":{"line":9,"column":0},"end":{"line":16,"column":19}},"7":{"start":{"line":10,"column":4},"end":{"line":10,"column":62}},"8":{"start":{"line":11,"column":4},"end":{"line":15,"column":26}},"9":{"start":{"line":12,"column":8},"end":{"line":12,"column":65}},"10":{"start":{"line":13,"column":8},"end":{"line":13,"column":68}},"11":{"start":{"line":14,"column":8},"end":{"line":14,"column":68}},"12":{"start":{"line":17,"column":0},"end":{"line":27,"column":31}},"13":{"start":{"line":18,"column":4},"end":{"line":18,"column":71}},"14":{"start":{"line":19,"column":4},"end":{"line":19,"column":81}},"15":{"start":{"line":20,"column":4},"end":{"line":20,"column":78}},"16":{"start":{"line":21,"column":4},"end":{"line":21,"column":76}},"17":{"start":{"line":22,"column":4},"end":{"line":22,"column":77}},"18":{"start":{"line":23,"column":4},"end":{"line":23,"column":63}},"19":{"start":{"line":28,"column":0},"end":{"line":35,"column":20}},"20":{"start":{"line":29,"column":4},"end":{"line":29,"column":63}},"21":{"start":{"line":30,"column":4},"end":{"line":30,"column":74}},"22":{"start":{"line":31,"column":4},"end":{"line":31,"column":79}},"23":{"start":{"line":32,"column":4},"end":{"line":32,"column":61}},"24":{"start":{"line":36,"column":0},"end":{"line":39,"column":20}},"25":{"start":{"line":37,"column":4},"end":{"line":37,"column":63}},"26":{"start":{"line":38,"column":4},"end":{"line":38,"column":70}},"27":{"start":{"line":40,"column":0},"end":{"line":40,"column":59}},"28":{"start":{"line":41,"column":0},"end":{"line":45,"column":21}},"29":{"start":{"line":42,"column":4},"end":{"line":42,"column":66}}},"fnMap":{"0":{"name":"(anonymous_0)","decl":{"start":{"line":2,"column":56},"end":{"line":2,"column":57}},"loc":{"start":{"line":2,"column":71},"end":{"line":4,"column":1}},"line":2},"1":{"name":"(anonymous_1)","decl":{"start":{"line":9,"column":22},"end":{"line":9,"column":23}},"loc":{"start":{"line":9,"column":28},"end":{"line":16,"column":1}},"line":9},"2":{"name":"(anonymous_2)","decl":{"start":{"line":11,"column":26},"end":{"line":11,"column":27}},"loc":{"start":{"line":11,"column":32},"end":{"line":15,"column":5}},"line":11},"3":{"name":"(anonymous_3)","decl":{"start":{"line":17,"column":22},"end":{"line":17,"column":23}},"loc":{"start":{"line":17,"column":28},"end":{"line":24,"column":1}},"line":17},"4":{"name":"(anonymous_4)","decl":{"start":{"line":28,"column":22},"end":{"line":28,"column":23}},"loc":{"start":{"line":28,"column":28},"end":{"line":33,"column":1}},"line":28},"5":{"name":"(anonymous_5)","decl":{"start":{"line":36,"column":22},"end":{"line":36,"column":23}},"loc":{"start":{"line":36,"column":28},"end":{"line":39,"column":1}},"line":36},"6":{"name":"(anonymous_6)","decl":{"start":{"line":41,"column":22},"end":{"line":41,"column":23}},"loc":{"start":{"line":41,"column":28},"end":{"line":43,"column":1}},"line":41}},"branchMap":{"0":{"loc":{"start":{"line":2,"column":22},"end":{"line":4,"column":1}},"type":"binary-expr","locations":[{"start":{"line":2,"column":23},"end":{"line":2,"column":27}},{"start":{"line":2,"column":31},"end":{"line":2,"column":51}},{"start":{"line":2,"column":56},"end":{"line":4,"column":1}}],"line":2},"1":{"loc":{"start":{"line":3,"column":11},"end":{"line":3,"column":61}},"type":"cond-expr","locations":[{"start":{"line":3,"column":37},"end":{"line":3,"column":40}},{"start":{"line":3,"column":43},"end":{"line":3,"column":61}}],"line":3},"2":{"loc":{"start":{"line":3,"column":12},"end":{"line":3,"column":33}},"type":"binary-expr","locations":[{"start":{"line":3,"column":12},"end":{"line":3,"column":15}},{"start":{"line":3,"column":19},"end":{"line":3,"column":33}}],"line":3}},"s":{"0":1,"1":1,"2":1,"3":1,"4":1,"5":1,"6":1,"7":1,"8":1,"9":1,"10":1,"11":1,"12":1,"13":1,"14":1,"15":1,"16":1,"17":1,"18":1,"19":1,"20":1,"21":1,"22":1,"23":1,"24":1,"25":1,"26":1,"27":1,"28":1,"29":1},"f":{"0":1,"1":1,"2":1,"3":1,"4":1,"5":1,"6":1},"b":{"0":[1,1,1],"1":[0,1],"2":[1,1]},"inputSourceMap":{"version":3,"file":"routes.js","sourceRoot":"","sources":["routes.ts"],"names":[],"mappings":";;;;;AAoBA,oFAA0C;AAE1C,eAAK,CAAC,IAAI,CAAC,QAAQ,EAAE,4BAA4B,CAAC,CAAA;AAClD,eAAK,CAAC,GAAG,CAAC,YAAY,EAAE,uBAAuB,CAAC,CAAA;AAEhD,eAAK,CAAC,KAAK,CAAC,GAAG,EAAE;IACf,eAAK,CAAC,IAAI,CAAC,SAAS,EAAE,wBAAwB,CAAC,CAAA;IAC/C,eAAK,CAAC,KAAK,CAAC,GAAG,EAAE;QACf,eAAK,CAAC,GAAG,CAAC,SAAS,EAAE,wBAAwB,CAAC,CAAA;QAC9C,eAAK,CAAC,MAAM,CAAC,SAAS,EAAE,wBAAwB,CAAC,CAAA;QACjD,eAAK,CAAC,GAAG,CAAC,aAAa,EAAE,uBAAuB,CAAC,CAAA;IACnD,CAAC,CAAC,CAAC,UAAU,CAAC,MAAM,CAAC,CAAA;AACvB,CAAC,CAAC,CAAC,MAAM,CAAC,OAAO,CAAC,CAAA;AAElB,eAAK,CAAC,KAAK,CAAC,GAAG,EAAE;IACf,eAAK,CAAC,IAAI,CAAC,cAAc,EAAE,4BAA4B,CAAC,CAAA;IACxD,eAAK,CAAC,MAAM,CAAC,sBAAsB,EAAE,4BAA4B,CAAC,CAAA;IAClE,eAAK,CAAC,GAAG,CAAC,sBAAsB,EAAE,4BAA4B,CAAC,CAAA;IAC/D,eAAK,CAAC,GAAG,CAAC,mBAAmB,EAAE,6BAA6B,CAAC,CAAA;IAC7D,eAAK,CAAC,MAAM,CAAC,kBAAkB,EAAE,4BAA4B,CAAC,CAAA;IAC9D,eAAK,CAAC,GAAG,CAAC,YAAY,EAAE,uBAAuB,CAAC,CAAA;AAClD,CAAC,CAAC;KACC,UAAU,CAAC,MAAM,CAAC;KAClB,MAAM,CAAC,QAAQ,CAAC;KAChB,UAAU,CAAC,aAAa,CAAC,CAAA;AAE5B,eAAK,CAAC,KAAK,CAAC,GAAG,EAAE;IACf,eAAK,CAAC,IAAI,CAAC,WAAW,EAAE,uBAAuB,CAAC,CAAA;IAChD,eAAK,CAAC,MAAM,CAAC,oBAAoB,EAAE,uBAAuB,CAAC,CAAA;IAC3D,eAAK,CAAC,GAAG,CAAC,4BAA4B,EAAE,uBAAuB,CAAC,CAAA;IAChE,eAAK,CAAC,GAAG,CAAC,WAAW,EAAE,sBAAsB,CAAC,CAAA;AAChD,CAAC,CAAC;KACC,UAAU,CAAC,MAAM,CAAC;KAClB,MAAM,CAAC,MAAM,CAAC,CAAA;AAEjB,eAAK,CAAC,KAAK,CAAC,GAAG,EAAE;IACf,eAAK,CAAC,IAAI,CAAC,GAAG,EAAE,+BAA+B,CAAC,CAAA;IAChD,eAAK,CAAC,IAAI,CAAC,SAAS,EAAE,gCAAgC,CAAC,CAAA;AACzD,CAAC,CAAC,CAAC,MAAM,CAAC,QAAQ,CAAC,CAAA;AAEnB,eAAK,CAAC,GAAG,CAAC,UAAU,EAAE,yBAAyB,CAAC,CAAA;AAChD,eAAK,CAAC,KAAK,CAAC,GAAG,EAAE;IACf,eAAK,CAAC,IAAI,CAAC,UAAU,EAAE,2BAA2B,CAAC,CAAA;AACrD,CAAC,CAAC;KACC,UAAU,CAAC,MAAM,CAAC;KAClB,MAAM,CAAC,OAAO,CAAC,CAAA","sourcesContent":["/*\n|--------------------------------------------------------------------------\n| Routes\n|--------------------------------------------------------------------------\n|\n| This file is dedicated for defining HTTP routes. A single file is enough\n| for majority of projects, however you can define routes in different\n| files and just make sure to import them inside this file. For example\n|\n| Define routes in following two files\n| ├── start/routes/cart.ts\n| ├── start/routes/customer.ts\n|\n| and then import them inside `start/routes.ts` as follows\n|\n| import './routes/cart'\n| import './routes/customer'\n|\n*/\n\nimport Route from '@ioc:Adonis/Core/Route'\n\nRoute.post('/login', 'SessionsController.session')\nRoute.get('/all-games', 'GamesController.index')\n\nRoute.group(() => {\n  Route.post('/create', 'UsersController.create')\n  Route.group(() => {\n    Route.put('/update', 'UsersController.update')\n    Route.delete('/delete', 'UsersController.delete')\n    Route.get('/my-account', 'UsersController.index')\n  }).middleware('auth')\n}).prefix('/user')\n\nRoute.group(() => {\n  Route.post('/create-game', 'GamesController.createGame')\n  Route.delete('/delete-game/:gameId', 'GamesController.deleteGame')\n  Route.put('/update-game/:gameId', 'GamesController.updateGame')\n  Route.put('/promote-user/:id', 'AdminController.promoteUser')\n  Route.delete('/delete-user/:id', 'AdminController.deleteUser')\n  Route.get('/all-users', 'AdminController.index')\n})\n  .middleware('auth')\n  .prefix('/admin')\n  .middleware('adminVerify')\n\nRoute.group(() => {\n  Route.post('/new-bet/', 'BetsController.create')\n  Route.delete('/delete-bet/:betId', 'BetsController.delete')\n  Route.put('/update-bet/:gameId/:betId', 'BetsController.update')\n  Route.get('/all-bets', 'BetsController.index')\n})\n  .middleware('auth')\n  .prefix('/bet')\n\nRoute.group(() => {\n  Route.post('/', 'ResetPasswordController.store')\n  Route.post('/:token', 'ResetPasswordController.update')\n}).prefix('/reset')\n\nRoute.get('file/:id', 'UserPicsController.show')\nRoute.group(() => {\n  Route.post('/add-pic', 'UserPicsController.create')\n})\n  .middleware('auth')\n  .prefix('/file')\n"]},"_coverageSchema":"1a1c01bbd47fc00a2c39e90264f33305004495a9","hash":"efcbf86facde0e49717025b1d225b969985ec03d","contentHash":"183d9aefeb689c0af22921a6d00976f624a3abba1c6120e3f0090707ca88e83e"},"C:\\Users\\H.C Lima\\Documents\\GitHub\\TGL-API\\start\\kernel.ts":{"path":"C:\\Users\\H.C Lima\\Documents\\GitHub\\TGL-API\\start\\kernel.ts","statementMap":{"0":{"start":{"line":2,"column":22},"end":{"line":8,"column":3}},"1":{"start":{"line":3,"column":4},"end":{"line":3,"column":33}},"2":{"start":{"line":3,"column":26},"end":{"line":3,"column":33}},"3":{"start":{"line":4,"column":4},"end":{"line":4,"column":89}},"4":{"start":{"line":4,"column":71},"end":{"line":4,"column":83}},"5":{"start":{"line":6,"column":4},"end":{"line":6,"column":33}},"6":{"start":{"line":6,"column":26},"end":{"line":6,"column":33}},"7":{"start":{"line":7,"column":4},"end":{"line":7,"column":17}},"8":{"start":{"line":9,"column":25},"end":{"line":13,"column":2}},"9":{"start":{"line":10,"column":4},"end":{"line":10,"column":72}},"10":{"start":{"line":12,"column":4},"end":{"line":12,"column":21}},"11":{"start":{"line":14,"column":19},"end":{"line":20,"column":1}},"12":{"start":{"line":15,"column":4},"end":{"line":15,"column":42}},"13":{"start":{"line":15,"column":31},"end":{"line":15,"column":42}},"14":{"start":{"line":16,"column":17},"end":{"line":16,"column":19}},"15":{"start":{"line":17,"column":4},"end":{"line":17,"column":141}},"16":{"start":{"line":17,"column":21},"end":{"line":17,"column":141}},"17":{"start":{"line":17,"column":40},"end":{"line":17,"column":141}},"18":{"start":{"line":17,"column":109},"end":{"line":17,"column":141}},"19":{"start":{"line":18,"column":4},"end":{"line":18,"column":36}},"20":{"start":{"line":19,"column":4},"end":{"line":19,"column":18}},"21":{"start":{"line":21,"column":22},"end":{"line":23,"column":1}},"22":{"start":{"line":22,"column":4},"end":{"line":22,"column":62}},"23":{"start":{"line":24,"column":0},"end":{"line":24,"column":62}},"24":{"start":{"line":25,"column":17},"end":{"line":25,"column":85}},"25":{"start":{"line":26,"column":0},"end":{"line":26,"column":146}},"26":{"start":{"line":26,"column":44},"end":{"line":26,"column":143}},"27":{"start":{"line":26,"column":73},"end":{"line":26,"column":142}},"28":{"start":{"line":27,"column":0},"end":{"line":27,"column":46}},"29":{"start":{"line":28,"column":0},"end":{"line":31,"column":3}},"30":{"start":{"line":29,"column":16},"end":{"line":29,"column":112}},"31":{"start":{"line":29,"column":45},"end":{"line":29,"column":111}},"32":{"start":{"line":30,"column":23},"end":{"line":30,"column":126}},"33":{"start":{"line":30,"column":52},"end":{"line":30,"column":125}}},"fnMap":{"0":{"name":"(anonymous_0)","decl":{"start":{"line":2,"column":74},"end":{"line":2,"column":75}},"loc":{"start":{"line":2,"column":96},"end":{"line":5,"column":1}},"line":2},"1":{"name":"(anonymous_1)","decl":{"start":{"line":4,"column":58},"end":{"line":4,"column":59}},"loc":{"start":{"line":4,"column":69},"end":{"line":4,"column":85}},"line":4},"2":{"name":"(anonymous_2)","decl":{"start":{"line":5,"column":6},"end":{"line":5,"column":7}},"loc":{"start":{"line":5,"column":28},"end":{"line":8,"column":1}},"line":5},"3":{"name":"(anonymous_3)","decl":{"start":{"line":9,"column":80},"end":{"line":9,"column":81}},"loc":{"start":{"line":9,"column":95},"end":{"line":11,"column":1}},"line":9},"4":{"name":"(anonymous_4)","decl":{"start":{"line":11,"column":5},"end":{"line":11,"column":6}},"loc":{"start":{"line":11,"column":20},"end":{"line":13,"column":1}},"line":11},"5":{"name":"(anonymous_5)","decl":{"start":{"line":14,"column":50},"end":{"line":14,"column":51}},"loc":{"start":{"line":14,"column":65},"end":{"line":20,"column":1}},"line":14},"6":{"name":"(anonymous_6)","decl":{"start":{"line":21,"column":56},"end":{"line":21,"column":57}},"loc":{"start":{"line":21,"column":71},"end":{"line":23,"column":1}},"line":21},"7":{"name":"(anonymous_7)","decl":{"start":{"line":26,"column":38},"end":{"line":26,"column":39}},"loc":{"start":{"line":26,"column":44},"end":{"line":26,"column":143}},"line":26},"8":{"name":"(anonymous_8)","decl":{"start":{"line":26,"column":67},"end":{"line":26,"column":68}},"loc":{"start":{"line":26,"column":73},"end":{"line":26,"column":142}},"line":26},"9":{"name":"(anonymous_9)","decl":{"start":{"line":29,"column":10},"end":{"line":29,"column":11}},"loc":{"start":{"line":29,"column":16},"end":{"line":29,"column":112}},"line":29},"10":{"name":"(anonymous_10)","decl":{"start":{"line":29,"column":39},"end":{"line":29,"column":40}},"loc":{"start":{"line":29,"column":45},"end":{"line":29,"column":111}},"line":29},"11":{"name":"(anonymous_11)","decl":{"start":{"line":30,"column":17},"end":{"line":30,"column":18}},"loc":{"start":{"line":30,"column":23},"end":{"line":30,"column":126}},"line":30},"12":{"name":"(anonymous_12)","decl":{"start":{"line":30,"column":46},"end":{"line":30,"column":47}},"loc":{"start":{"line":30,"column":52},"end":{"line":30,"column":125}},"line":30}},"branchMap":{"0":{"loc":{"start":{"line":2,"column":22},"end":{"line":8,"column":3}},"type":"binary-expr","locations":[{"start":{"line":2,"column":23},"end":{"line":2,"column":27}},{"start":{"line":2,"column":31},"end":{"line":2,"column":51}},{"start":{"line":2,"column":57},"end":{"line":8,"column":2}}],"line":2},"1":{"loc":{"start":{"line":2,"column":57},"end":{"line":8,"column":2}},"type":"cond-expr","locations":[{"start":{"line":2,"column":74},"end":{"line":5,"column":1}},{"start":{"line":5,"column":6},"end":{"line":8,"column":1}}],"line":2},"2":{"loc":{"start":{"line":3,"column":4},"end":{"line":3,"column":33}},"type":"if","locations":[{"start":{"line":3,"column":4},"end":{"line":3,"column":33}},{"start":{"line":3,"column":4},"end":{"line":3,"column":33}}],"line":3},"3":{"loc":{"start":{"line":6,"column":4},"end":{"line":6,"column":33}},"type":"if","locations":[{"start":{"line":6,"column":4},"end":{"line":6,"column":33}},{"start":{"line":6,"column":4},"end":{"line":6,"column":33}}],"line":6},"4":{"loc":{"start":{"line":9,"column":25},"end":{"
[...]
nd":{"line":15,"column":13}},"type":"if","locations":[{"start":{"line":12,"column":12},"end":{"line":15,"column":13}},{"start":{"line":12,"column":12},"end":{"line":15,"column":13}}],"line":12},"1":{"loc":{"start":{"line":20,"column":23},"end":{"line":20,"column":71}},"type":"cond-expr","locations":[{"start":{"line":20,"column":45},"end":{"line":20,"column":57}},{"start":{"line":20,"column":60},"end":{"line":20,"column":71}}],"line":20}},"s":{"0":1,"1":1,"2":1,"3":1,"4":1,"5":1,"6":1,"7":1,"8":0,"9":1,"10":1,"11":1,"12":1},"f":{"0":1,"1":1,"2":1},"b":{"0":[1,0],"1":[0,1]},"inputSourceMap":{"version":3,"file":"Auth.js","sourceRoot":"","sources":["Auth.ts"],"names":[],"mappings":";;AAEA,gEAAyE;AASzE,MAAqB,cAAc;IAAnC;QAIY,eAAU,GAAG,QAAQ,CAAA;IA4DjC,CAAC;IAlDW,KAAK,CAAC,YAAY,CAAC,IAAiC,EAAE,MAA4B;QAO1F,IAAI,kBAAsC,CAAA;QAE1C,KAAK,IAAI,KAAK,IAAI,MAAM,EAAE;YACxB,kBAAkB,GAAG,KAAK,CAAA;YAE1B,IAAI,MAAM,IAAI,CAAC,GAAG,CAAC,KAAK,CAAC,CAAC,KAAK,EAAE,EAAE;gBAMjC,IAAI,CAAC,YAAY,GAAG,KAAK,CAAA;gBACzB,OAAO,IAAI,CAAA;aACZ;SACF;QAKD,MAAM,IAAI,oCAAuB,CAC/B,qBAAqB,EACrB,uBAAuB,EACvB,kBAAkB,EAClB,IAAI,CAAC,UAAU,CAChB,CAAA;IACH,CAAC;IAKM,KAAK,CAAC,MAAM,CACjB,EAAE,IAAI,EAAuB,EAC7B,IAAyB,EACzB,YAAkC;QAMlC,MAAM,MAAM,GAAG,YAAY,CAAC,MAAM,CAAC,CAAC,CAAC,YAAY,CAAC,CAAC,CAAC,CAAC,IAAI,CAAC,IAAI,CAAC,CAAA;QAC/D,MAAM,IAAI,CAAC,YAAY,CAAC,IAAI,EAAE,MAAM,CAAC,CAAA;QACrC,MAAM,IAAI,EAAE,CAAA;IACd,CAAC;CACF;AAhED,iCAgEC","sourcesContent":["import { GuardsList } from '@ioc:Adonis/Addons/Auth'\nimport { HttpContextContract } from '@ioc:Adonis/Core/HttpContext'\nimport { AuthenticationException } from '@adonisjs/auth/build/standalone'\n\n/**\n * Auth middleware is meant to restrict un-authenticated access to a given route\n * or a group of routes.\n *\n * You must register this middleware inside `start/kernel.ts` file under the list\n * of named middleware.\n */\nexport default class AuthMiddleware {\n  /**\n   * The URL to redirect to when request is Unauthorized\n   */\n  protected redirectTo = '/login'\n\n  /**\n   * Authenticates the current HTTP request against a custom set of defined\n   * guards.\n   *\n   * The authentication loop stops as soon as the user is authenticated using any\n   * of the mentioned guards and that guard will be used by the rest of the code\n   * during the current request.\n   */\n  protected async authenticate(auth: HttpContextContract['auth'], guards: (keyof GuardsList)[]) {\n    /**\n     * Hold reference to the guard last attempted within the for loop. We pass\n     * the reference of the guard to the \"AuthenticationException\", so that\n     * it can decide the correct response behavior based upon the guard\n     * driver\n     */\n    let guardLastAttempted: string | undefined\n\n    for (let guard of guards) {\n      guardLastAttempted = guard\n\n      if (await auth.use(guard).check()) {\n        /**\n         * Instruct auth to use the given guard as the default guard for\n         * the rest of the request, since the user authenticated\n         * succeeded here\n         */\n        auth.defaultGuard = guard\n        return true\n      }\n    }\n\n    /**\n     * Unable to authenticate using any guard\n     */\n    throw new AuthenticationException(\n      'Unauthorized access',\n      'E_UNAUTHORIZED_ACCESS',\n      guardLastAttempted,\n      this.redirectTo\n    )\n  }\n\n  /**\n   * Handle request\n   */\n  public async handle(\n    { auth }: HttpContextContract,\n    next: () => Promise<void>,\n    customGuards: (keyof GuardsList)[]\n  ) {\n    /**\n     * Uses the user defined guards or the default guard mentioned in\n     * the config file\n     */\n    const guards = customGuards.length ? customGuards : [auth.name]\n    await this.authenticate(auth, guards)\n    await next()\n  }\n}\n"]},"_coverageSchema":"1a1c01bbd47fc00a2c39e90264f33305004495a9","hash":"49ade78e87917c6079e5d4686393b1bdc87f3b40","contentHash":"863cb7b95e15fb617dc4e7bcd6977fb5043b51511e1354006c000ba59f2a8c67"},"C:\\Users\\H.C Lima\\Documents\\GitHub\\TGL-API\\app\\Middleware\\AdminVerify.ts":{"path":"C:\\Users\\H.C Lima\\Documents\\GitHub\\TGL-API\\app\\Middleware\\AdminVerify.ts","statementMap":{"0":{"start":{"line":2,"column":0},"end":{"line":2,"column":62}},"1":{"start":{"line":5,"column":29},"end":{"line":5,"column":65}},"2":{"start":{"line":6,"column":8},"end":{"line":16,"column":9}},"3":{"start":{"line":7,"column":12},"end":{"line":15,"column":15}},"4":{"start":{"line":17,"column":8},"end":{"line":17,"column":30}},"5":{"start":{"line":18,"column":8},"end":{"line":18,"column":21}},"6":{"start":{"line":21,"column":0},"end":{"line":21,"column":30}}},"fnMap":{"0":{"name":"(anonymous_0)","decl":{"start":{"line":4,"column":4},"end":{"line":4,"column":5}},"loc":{"start":{"line":4,"column":43},"end":{"line":19,"column":5}},"line":4}},"branchMap":{"0":{"loc":{"start":{"line":6,"column":8},"end":{"line":16,"column":9}},"type":"if","locations":[{"start":{"line":6,"column":8},"end":{"line":16,"column":9}},{"start":{"line":6,"column":8},"end":{"line":16,"column":9}}],"line":6}},"s":{"0":1,"1":1,"2":1,"3":0,"4":1,"5":1,"6":1},"f":{"0":1},"b":{"0":[0,1]},"inputSourceMap":{"version":3,"file":"AdminVerify.js","sourceRoot":"","sources":["AdminVerify.ts"],"names":[],"mappings":";;AAGA,MAAqB,WAAW;IACvB,KAAK,CAAC,MAAM,CAAC,EAAE,IAAI,EAAE,QAAQ,EAAuB,EAAE,IAAyB;QACpF,MAAM,EAAE,QAAQ,EAAE,GAAG,MAAM,IAAI,CAAC,GAAG,CAAC,KAAK,CAAC,CAAC,YAAY,EAAE,CAAA;QACzD,IAAI,CAAC,QAAQ,EAAE;YACb,OAAO,QAAQ;iBACZ,MAAM,CAAC,GAAG,CAAC;iBAEX,IAAI,CAAC;gBACJ,MAAM,EAAE;oBACN;wBACE,OAAO,EACL,mGAAmG;qBACtG;iBACF;aACF,CAAC,CAAA;SACL;QACD,OAAO,CAAC,GAAG,CAAC,QAAQ,CAAC,CAAA;QAErB,MAAM,IAAI,EAAE,CAAA;IACd,CAAC;CACF;AApBD,8BAoBC","sourcesContent":["/* eslint-disable @typescript-eslint/naming-convention */\nimport { HttpContextContract } from '@ioc:Adonis/Core/HttpContext'\n\nexport default class AdminVerify {\n  public async handle({ auth, response }: HttpContextContract, next: () => Promise<void>) {\n    const { is_admin } = await auth.use('api').authenticate()\n    if (!is_admin) {\n      return response\n        .status(401)\n\n        .json({\n          errors: [\n            {\n              message:\n                \"You're not authorized acess this page, please contact our team for more information at: 4008-8922\",\n            },\n          ],\n        })\n    }\n    console.log(is_admin)\n    // code for middleware goes here. ABOVE THE NEXT CALL\n    await next()\n  }\n}\n"]},"_coverageSchema":"1a1c01bbd47fc00a2c39e90264f33305004495a9","hash":"8d9b4ba2988532557a659b924e625032db74cea0","contentHash":"dbce6fc63da31835dffe9a5685a002a8d0812dbb324f8e38a23a9822c2be43e9"},"C:\\Users\\H.C Lima\\Documents\\GitHub\\TGL-API\\app\\Controllers\\Http\\GamesController.ts":{"path":"C:\\Users\\H.C Lima\\Documents\\GitHub\\TGL-API\\app\\Controllers\\Http\\GamesController.ts","statementMap":{"0":{"start":{"line":2,"column":22},"end":{"line":4,"column":1}},"1":{"start":{"line":3,"column":4},"end":{"line":3,"column":62}},"2":{"start":{"line":5,"column":0},"end":{"line":5,"column":62}},"3":{"start":{"line":6,"column":24},"end":{"line":6,"column":102}},"4":{"start":{"line":7,"column":30},"end":{"line":7,"column":114}},"5":{"start":{"line":8,"column":15},"end":{"line":8,"column":80}},"6":{"start":{"line":11,"column":21},"end":{"line":19,"column":10}},"7":{"start":{"line":20,"column":8},"end":{"line":20,"column":56}},"8":{"start":{"line":21,"column":8},"end":{"line":21,"column":42}},"9":{"start":{"line":22,"column":8},"end":{"line":22,"column":20}},"10":{"start":{"line":25,"column":27},"end":{"line":25,"column":43}},"11":{"start":{"line":26,"column":21},"end":{"line":26,"column":68}},"12":{"start":{"line":27,"column":8},"end":{"line":27,"column":28}},"13":{"start":{"line":28,"column":8},"end":{"line":28,"column":71}},"14":{"start":{"line":31,"column":27},"end":{"line":31,"column":43}},"15":{"start":{"line":32,"column":24},"end":{"line":40,"column":10}},"16":{"start":{"line":41,"column":8},"end":{"line":41,"column":62}},"17":{"start":{"line":42,"column":21},"end":{"line":42,"column":68}},"18":{"start":{"line":43,"column":8},"end":{"line":43,"column":34}},"19":{"start":{"line":44,"column":8},"end":{"line":44,"column":26}},"20":{"start":{"line":45,"column":8},"end":{"line":45,"column":20}},"21":{"start":{"line":48,"column":22},"end":{"line":48,"column":62}},"22":{"start":{"line":49,"column":8},"end":{"line":49,"column":21}},"23":{"start":{"line":52,"column":0},"end":{"line":52,"column":34}}},"fnMap":{"0":{"name":"(anonymous_0)","decl":{"start":{"line":2,"column":56},"end":{"line":2,"column":57}},"loc":{"start":{"line":2,"column":71},"end":{"line":4,"column":1}},"line":2},"1":{"name":"(anonymous_1)","decl":{"start":{"line":10,"column":4},"end":{"line":10,"column":5}},"loc":{"start":{"line":10,"column":34},"end":{"line":23,"column":5}},"line":10},"2":{"name":"(anonymous_2)","decl":{"start":{"line":24,"column":4},"end":{"line":24,"column":5}},"loc":{"start":{"line":24,"column":34},"end":{"line":29,"column":5}},"line":24},"3":{"name":"(anonymous_3)","decl":{"start":{"line":30,"column":4},"end":{"line":30,"column":5}},"loc":{"start":{"line":30,"column":34},"end":{"line":46,"column":5}},"line":30},"4":{"name":"(anonymous_4)","decl":{"start":{"line":47,"column":4},"end":{"line":47,"column":5}},"loc":{"start":{"line":47,"column":18},"end":{"line":50,"column":5}},"line":47}},"branchMap":{"0":{"loc":{"start":{"line":2,"column":22},"end":{"line":4,"column":1}},"type":"binary-expr","locations":[{"start":{"line":2,"column":23},"end":{"line":2,"column":27}},{"start":{"line":2,"column":31},"end":{"line":2,"column":51}},{"start":{"line":2,"column":56},"end":{"line":4,"column":1}}],"line":2},"1":{"loc":{"start":{"line":3,"column":11},"end":{"line":3,"column":61}},"type":"cond-expr","locations":[{"start":{"line":3,"column":37},"end":{"line":3,"column":40}},{"start":{"line":3,"column":43},"end":{"line":3,"column":61}}],"line":3},"2":{"loc":{"start":{"line":3,"column":12},"end":{"line":3,"column":33}},"type":"binary-expr","locations":[{"start":{"line":3,"column":12},"end":{"line":3,"column":15}},{"start":{"line":3,"column":19},"end":{"line":3,"column":33}}],"line":3}},"s":{"0":1,"1":3,"2":1,"3":1,"4":1,"5":1,"6":1,"7":1,"8":0,"9":0,"10":0,"11":0,"12":0,"13":0,"14":0,"15":0,"16":0,"17":0,"18":0,"19":0,"20":0,"21":0,"22":0,"23":1},"f":{"0":3,"1":1,"2":0,"3":0,"4":0},"b":{"0":[1,1,1],"1":[3,0],"2":[3,3]},"inputSourceMap":{"version":3,"file":"GamesController.js","sourceRoot":"","sources":["GamesController.ts"],"names":[],"mappings":";;;;;AAEA,uGAAuD;AACvD,mHAAmE;AACnE,iFAAkC;AAElC,MAAqB,eAAe;IAC3B,KAAK,CAAC,UAAU,CAAC,EAAE,OAAO,EAAuB;QACtD,MAAM,IAAI,GAAG,OAAO,CAAC,IAAI,CAAC;YACxB,WAAW;YACX,aAAa;YACb,OAAO;YACP,OAAO;YACP,YAAY;YACZ,OAAO;YACP,gBAAgB;SACjB,CAAC,CAAA;QACF,MAAM,OAAO,CAAC,QAAQ,CAAC,uBAAY,CAAC,CAAA;QAEpC,MAAM,cAAI,CAAC,MAAM,CAAC,IAAI,CAAC,CAAA;QACvB,OAAO,IAAI,CAAA;IACb,CAAC;IAEM,KAAK,CAAC,UAAU,CAAC,EAAE,OAAO,EAAuB;QACtD,MAAM,EAAE,MAAM,EAAE,GAAG,OAAO,CAAC,MAAM,EAAE,CAAA;QAEnC,MAAM,IAAI,GAAG,MAAM,cAAI,CAAC,YAAY,CAAC,IAAI,EAAE,MAAM,CAAC,CAAA;QAElD,MAAM,IAAI,CAAC,MAAM,EAAE,CAAA;QAEnB,OAAO,uDAAuD,CAAA;IAChE,CAAC;IAEM,KAAK,CAAC,UAAU,CAAC,EAAE,OAAO,EAAuB;QACtD,MAAM,EAAE,MAAM,EAAE,GAAG,OAAO,CAAC,MAAM,EAAE,CAAA;QACnC,MAAM,OAAO,GAAG,OAAO,CAAC,IAAI,CAAC;YAC3B,WAAW;YACX,aAAa;YACb,OAAO;YACP,OAAO;YACP,YAAY;YACZ,OAAO;YACP,gBAAgB;SACjB,CAAC,CAAA;QACF,MAAM,OAAO,CAAC,QAAQ,CAAC,6BAAkB,CAAC,CAAA;QAE1C,MAAM,IAAI,GAAG,MAAM,cAAI,CAAC,YAAY,CAAC,IAAI,EAAE,MAAM,CAAC,CAAA;QAElD,MAAM,IAAI,CAAC,KAAK,CAAC,OAAO,CAAC,CAAA;QACzB,MAAM,IAAI,CAAC,IAAI,EAAE,CAAA;QAEjB,OAAO,IAAI,CAAA;IACb,CAAC;IAEM,KAAK,CAAC,KAAK;QAChB,MAAM,KAAK,GAAG,MAAM,cAAI,CAAC,KAAK,EAAE,CAAC,MAAM,CAAC,GAAG,CAAC,CAAA;QAC5C,OAAO,KAAK,CAAA;IACd,CAAC;CACF;AApDD,kCAoDC","sourcesContent":["/* eslint-disable @typescript-eslint/naming-convention */\nimport { HttpContextContract } from '@ioc:Adonis/Core/HttpContext'\nimport ValidateGame from 'App/Validators/GameValidator'\nimport UpdateValidateGame from 'App/Validators/UpdateGameValidator'\nimport Game from 'App/Models/Game'\n\nexport default class GamesController {\n  public async createGame({ request }: HttpContextContract) {\n    const game = request.only([\n      'game_type',\n      'description',\n      'range',\n      'price',\n      'max_number',\n      'color',\n      'min_cart_value',\n    ])\n    await request.validate(ValidateGame)\n\n    await Game.create(game)\n    return game\n  }\n\n  public async deleteGame({ request }: HttpContextContract) {\n    const { gameId } = request.params()\n\n    const game = await Game.findByOrFail('id', gameId)\n\n    await game.delete()\n\n    return 'You can create a new game to substitute the last one!'\n  }\n\n  public async updateGame({ request }: HttpContextContract) {\n    const { gameId } = request.params()\n    const updated = request.only([\n      'game_type',\n      'description',\n      'range',\n      'price',\n      'max_number',\n      'color',\n      'min_cart_value',\n    ])\n    await request.validate(UpdateValidateGame)\n\n    const game = await Game.findByOrFail('id', gameId)\n\n    await game.merge(updated)\n    await game.save()\n\n    return game\n  }\n\n  public async index() {\n    const games = await Game.query().select('*')\n    return games\n  }\n}\n"]},"_coverageSchema":"1a1c01bbd47fc00a2c39e90264f33305004495a9","hash":"edd57fbbc30a45fc88bc55ced5291595f1c1c022","contentHash":"0406070c1a39492d1a11dddfca2c847f3078386aead289a69bcf07afc96a2225"},"C:\\Users\\H.C Lima\\Documents\\GitHub\\TGL-API\\app\\Validators\\GameValidator.ts":{"path":"C:\\Users\\H.C Lima\\Documents\\GitHub\\TGL-API\\app\\Validators\\GameValidator.ts","statementMap":{"0":{"start":{"line":2,"column":0},"end":{"line":2,"column":62}},"1":{"start":{"line":3,"column":20},"end":{"line":3,"column":74}},"2":{"start":{"line":6,"column":8},"end":{"line":6,"column":23}},"3":{"start":{"line":7,"column":8},"end":{"line":15,"column":11}},"4":{"start":{"line":16,"column":8},"end":{"line":18,"column":10}},"5":{"start":{"line":21,"column":0},"end":{"line":21,"column":32}}},"fnMap":{"0":{"name":"(anonymous_0)","decl":{"start":{"line":5,"column":4},"end":{"line":5,"column":5}},"loc":{"start":{"line":5,"column":21},"end":{"line":19,"column":5}},"line":5}},"branchMap":{},"s":{"0":1,"1":1,"2":1,"3":1,"4":1,"5":1},"f":{"0":1},"b":{},"inputSourceMap":{"version":3,"file":"GameValidator.js","sourceRoot":"","sources":["GameValidator.ts"],"names":[],"mappings":";;AAAA,2EAAmD;AAGnD,MAAqB,aAAa;IAChC,YAAsB,GAAwB;QAAxB,QAAG,GAAH,GAAG,CAAqB;QAqBvC,WAAM,GAAG,kBAAM,CAAC,MAAM,CAAC;YAC5B,SAAS,EAAE,kBAAM,CAAC,MAAM,EAAE;YAC1B,WAAW,EAAE,kBAAM,CAAC,MAAM,EAAE;YAC5B,KAAK,EAAE,kBAAM,CAAC,MAAM,EAAE;YACtB,KAAK,EAAE,kBAAM,CAAC,MAAM,EAAE;YACtB,UAAU,EAAE,kBAAM,CAAC,MAAM,EAAE;YAC3B,KAAK,EAAE,kBAAM,CAAC,MAAM,EAAE;YACtB,cAAc,EAAE,kBAAM,CAAC,MAAM,EAAE;SAChC,CAAC,CAAA;QAaK,aAAQ,GAAG;YAChB,QAAQ,EAAE,mDAAmD;SAC9D,CAAA;IA5CgD,CAAC;CA6CnD;AA9CD,gCA8CC","sourcesContent":["import { schema } from '@ioc:Adonis/Core/Validator'\nimport { HttpContextContract } from '@ioc:Adonis/Core/HttpContext'\n\nexport default class GameValidator {\n  constructor(protected ctx: HttpContextContract) {}\n\n  /*\n   * Define schema to validate the \"shape\", \"type\", \"formatting\" and \"integrity\" of data.\n   *\n   * For example:\n   * 1. The username must be of data type string. But then also, it should\n   *    not contain special characters or numbers.\n   *    ```\n   *     schema.string({}, [ rules.alpha() ])\n   *    ```\n   *\n   * 2. The email must be of data type string, formatted as a valid\n   *    email. But also, not used by any other user.\n   *    ```\n   *     schema.string({}, [\n   *       rules.email(),\n   *       rules.unique({ table: 'users', column: 'email' }),\n   *     ])\n   *    ```\n   */\n  public schema = schema.create({\n    game_type: schema.string(),\n    description: schema.string(),\n    range: schema.number(),\n    price: schema.number(),\n    max_number: schema.number(),\n    color: schema.string(),\n    min_cart_value: schema.number(),\n  })\n\n  /**\n   * Custom messages for validation failures. You can make use of dot notation `(.)`\n   * for targeting nested fields and array expressions `(*)` for targeting all\n   * children of an array. For example:\n   *\n   * {\n   *   'profile.username.required': 'Username is required',\n   *   'scores.*.number': 'Define scores as valid numbers'\n   * }\n   *\n   */\n  public messages = {\n    required: 'The {{ field }} is required to create a new game!',\n  }\n}\n"]},"_coverageSchema":"1a1c01bbd47fc00a2c39e90264f33305004495a9","hash":"066e5ffc8fbbe5cefd229fcd18cb35fe7ebf3535","contentHash":"d6259d13fa5b2ab7d08979ecd1005fff0f19c7c213771af11dbf1f8ae37e3a5f"},"C:\\Users\\H.C Lima\\Documents\\GitHub\\TGL-API\\app\\Validators\\UpdateGameValidator.ts":{"path":"C:\\Users\\H.C Lima\\Documents\\GitHub\\TGL-API\\app\\Validators\\UpdateGameValidator.ts","statementMap":{"0":{"start":{"line":2,"column":0},"end":{"line":2,"column":62}},"1":{"start":{"line":3,"column":20},"end":{"line":3,"column":74}},"2":{"start":{"line":6,"column":8},"end":{"line":6,"column":23}},"3":{"start":{"line":7,"column":8},"end":{"line":15,"column":11}},"4":{"start":{"line":16,"column":8},"end":{"line":16,"column":27}},"5":{"start":{"line":19,"column":0},"end":{"line":19,"column":38}}},"fnMap":{"0":{"name":"(anonymous_0)","decl":{"start":{"line":5,"column":4},"end":{"line":5,"column":5}},"loc":{"start":{"line":5,"column":21},"end":{"line":17,"column":5}},"line":5}},"branchMap":{},"s":{"0":1,"1":1,"2":0,"3":0,"4":0,"5":1},"f":{"0":0},"b":{},"inputSourceMap":{"version":3,"file":"UpdateGameValidator.js","sourceRoot":"","sources":["UpdateGameValidator.ts"],"names":[],"mappings":";;AAAA,2EAAmD;AAGnD,MAAqB,mBAAmB;IACtC,YAAsB,GAAwB;QAAxB,QAAG,GAAH,GAAG,CAAqB;QAqBvC,WAAM,GAAG,kBAAM,CAAC,MAAM,CAAC;YAC5B,SAAS,EAAE,kBAAM,CAAC,MAAM,CAAC,QAAQ,EAAE;YACnC,WAAW,EAAE,kBAAM,CAAC,MAAM,CAAC,QAAQ,EAAE;YACrC,KAAK,EAAE,kBAAM,CAAC,MAAM,CAAC,QAAQ,EAAE;YAC/B,KAAK,EAAE,kBAAM,CAAC,MAAM,CAAC,QAAQ,EAAE;YAC/B,UAAU,EAAE,kBAAM,CAAC,MAAM,CAAC,QAAQ,EAAE;YACpC,KAAK,EAAE,kBAAM,CAAC,MAAM,CAAC,QAAQ,EAAE;YAC/B,cAAc,EAAE,kBAAM,CAAC,MAAM,CAAC,QAAQ,EAAE;SACzC,CAAC,CAAA;QAaK,aAAQ,GAAG,EAAE,CAAA;IA1C6B,CAAC;CA2CnD;AA5CD,sCA4CC","sourcesContent":["import { schema } from '@ioc:Adonis/Core/Validator'\nimport { HttpContextContract } from '@ioc:Adonis/Core/HttpContext'\n\nexport default class UpdateGameValidator {\n  constructor(protected ctx: HttpContextContract) {}\n\n  /*\n   * Define schema to validate the \"shape\", \"type\", \"formatting\" and \"integrity\" of data.\n   *\n   * For example:\n   * 1. The username must be of data type string. But then also, it should\n   *    not contain special characters or numbers.\n   *    ```\n   *     schema.string({}, [ rules.alpha() ])\n   *    ```\n   *\n   * 2. The email must be of data type string, formatted as a valid\n   *    email. But also, not used by any other user.\n   *    ```\n   *     schema.string({}, [\n   *       rules.email(),\n   *       rules.unique({ table: 'users', column: 'email' }),\n   *     ])\n   *    ```\n   */\n  public schema = schema.create({\n    game_type: schema.string.optional(),\n    description: schema.string.optional(),\n    range: schema.number.optional(),\n    price: schema.number.optional(),\n    max_number: schema.number.optional(),\n    color: schema.string.optional(),\n    min_cart_value: schema.number.optional(),\n  })\n\n  /**\n   * Custom messages for validation failures. You can make use of dot notation `(.)`\n   * for targeting nested fields and array expressions `(*)` for targeting all\n   * children of an array. For example:\n   *\n   * {\n   *   'profile.username.required': 'Username is required',\n   *   'scores.*.number': 'Define scores as valid numbers'\n   * }\n   *\n   */\n  public messages = {}\n}\n"]},"_coverageSchema":"1a1c01bbd47fc00a2c39e90264f33305004495a9","hash":"1cbef159f8aeb7fbeff3699c6040e3f2f613e29e","contentHash":"046e2c546d51aafaaa427ba71597a6441d82ea8b9225edaa00ad1f96b13ae00e"}}